[2013-10-30 12:42:33] Common\BaseTest::createAnObject.INFO: PASSED [] []
[2013-10-30 12:42:33] Common\BaseTest::serializeObject.INFO: PASSED [] []
[2013-10-30 12:42:33] Common\BaseTest::assignValues.INFO: PASSED [] []
[2013-10-30 12:42:33] Common\BaseTest::setReadOnlyProperty.INFO: PASSED [] []
[2013-10-30 12:42:33] Common\BaseTest::getValues.INFO: PASSED [] []
[2013-10-30 12:42:33] Common\BaseTest::getStateValues.INFO: PASSED [] []
[2013-10-30 12:42:33] Common\BaseTest::callUnimplementedMethod.INFO: PASSED [] []
[2013-10-30 12:42:33] Common\BaseTest::userABadConstructor.INFO: PASSED [] []
[2013-10-30 12:42:33] Common\EventsTest::registerAndCallEvents.INFO: PASSED [] []
[2013-10-30 12:42:33] Common\InspectorTest::createAnInspector.INFO: PASSED [] []
[2013-10-30 12:42:33] Common\InspectorTest::readClassMetaData.INFO: PASSED [] []
[2013-10-30 12:42:33] Common\InspectorTest::readClassProperties.INFO: PASSED [] []
[2013-10-30 12:42:33] Common\InspectorTest::readClassMethods.INFO: PASSED [] []
[2013-10-30 12:42:33] Common\InspectorTest::readPropertyMetaData.INFO: PASSED [] []
[2013-10-30 12:42:33] Common\InspectorTest::readMethodMetaData.INFO: PASSED [] []
[2013-10-30 12:42:33] Database\Connector\MysqlTest::inititlizeDriver.INFO: PASSED [] []
[2013-10-30 12:42:33] Database\Connector\MysqlTest::connectToMysql.INFO: PASSED [] []
[2013-10-30 12:42:33] Database\Connector\MysqlTest::excapeText.INFO: PASSED [] []
[2013-10-30 12:42:33] Database\Connector\MysqlTest::executingQuery.INFO: PASSED [] []
[2013-10-30 12:42:33] Database\Connector\MysqlTest::getAffectedRows.INFO: PASSED [] []
[2013-10-30 12:42:33] Database\Connector\MysqlTest::getLastError.INFO: PASSED [] []
[2013-10-30 12:42:33] Database\Connector\MysqlTest::lastInsertedId.INFO: PASSED [] []
[2013-10-30 12:42:33] Database\Connector\MysqlTest::query.INFO: PASSED [] []
[2013-10-30 12:42:33] Database\DatabaseTest::initializeWithInvalidType.INFO: PASSED [] []
[2013-10-30 12:42:33] Database\DatabaseTest::initializeDatabase.INFO: PASSED [] []
[2013-10-30 12:42:33] Database\Query\MysqlTest::queryFrom.INFO: PASSED [] []
[2013-10-30 12:42:33] Database\Query\MysqlTest::queryJoin.INFO: PASSED [] []
[2013-10-30 12:42:33] Database\Query\MysqlTest::queryLimit.INFO: PASSED [] []
[2013-10-30 12:42:33] Database\Query\MysqlTest::queryOrderBy.INFO: PASSED [] []
[2013-10-30 12:42:33] Database\Query\MysqlTest::queryWhere.INFO: PASSED [] []
[2013-10-30 12:42:33] Database\Query\MysqlTest::queryWhereAlias.INFO: PASSED [] []
[2013-10-30 12:42:33] Database\Query\MysqlTest::checkFirstAll.INFO: PASSED [] []
[2013-10-30 12:42:34] Database\Query\MysqlTest::queryCount.INFO: PASSED [] []
[2013-10-30 12:42:34] Database\Query\MysqlTest::querySave.INFO: PASSED [] []
[2013-10-30 12:42:34] Database\Query\MysqlTest::queryDelete.INFO: PASSED [] []
[2013-10-30 12:42:34] Http\PhpEnvironment\RequestTest::checkPostParams.INFO: PASSED [] []
[2013-10-30 12:42:34] Http\PhpEnvironment\RequestTest::checkQueryParams.INFO: PASSED [] []
[2013-10-30 12:42:34] Http\PhpEnvironment\RequestTest::checkEnvironmentParams.INFO: PASSED [] []
[2013-10-30 12:42:34] Http\PhpEnvironment\RequestTest::checkCorrectFilesStruc.INFO: PASSED [] []
[2013-10-30 12:42:34] Http\PhpEnvironment\RequestTest::setDataFromServer.INFO: PASSED [] []
[2013-10-30 12:42:34] Http\PhpEnvironment\RequestTest::setCorrectUri.INFO: PASSED [] []
[2013-10-30 12:42:34] Http\PhpEnvironment\RequestTest::checkIisRewriteUrl.INFO: PASSED [] []
[2013-10-30 12:42:34] Http\PhpEnvironment\RequestTest::checkIisUnencoded.INFO: PASSED [] []
[2013-10-30 12:42:34] Http\PhpEnvironment\RequestTest::checkIis5RewriteUrl.INFO: PASSED [] []
[2013-10-30 12:42:34] Http\PhpEnvironment\RequestTest::retrieveTheRequestBody.INFO: PASSED [] []
[2013-10-30 12:42:34] Http\PhpEnvironment\RequestTest::detectTheCorrectBasePath0.INFO: PASSED [] []
[2013-10-30 12:42:34] Http\PhpEnvironment\RequestTest::detectTheCorrectBasePath1.INFO: PASSED [] []
[2013-10-30 12:42:34] Http\PhpEnvironment\RequestTest::detectTheCorrectBasePath2.INFO: PASSED [] []
[2013-10-30 12:42:34] Http\PhpEnvironment\RequestTest::detectTheCorrectBasePath3.INFO: PASSED [] []
[2013-10-30 12:42:34] Http\PhpEnvironment\RequestTest::detectTheCorrectBasePath4.INFO: PASSED [] []
[2013-10-30 12:42:34] Http\PhpEnvironment\RequestTest::detectTheCorrectBasePath5.INFO: PASSED [] []
[2013-10-30 12:42:34] Http\PhpEnvironment\RequestTest::detectTheCorrectBasePath6.INFO: PASSED [] []
[2013-10-30 12:42:34] Http\PhpEnvironment\ResponseTest::sendHeaders.INFO: PASSED [] []
[2013-10-30 12:42:34] Http\PhpEnvironment\ResponseTest::sendContent.INFO: PASSED [] []
[2013-10-30 12:42:34] Http\PhpEnvironment\ResponseTest::detectServerHttpVersion.INFO: PASSED [] []
[2013-10-30 12:42:34] Http\RequestTest::createRequestFromString.INFO: PASSED [] []
[2013-10-30 12:42:34] Http\RequestTest::createUriFromString.INFO: PASSED [] []
[2013-10-30 12:42:34] Http\RequestTest::createUriFromObject.INFO: PASSED [] []
[2013-10-30 12:42:34] Http\RequestTest::setRequestVersion.INFO: PASSED [] []
[2013-10-30 12:42:34] Http\RequestTest::checkXmlRequest.INFO: PASSED [] []
[2013-10-30 12:42:34] Http\RequestTest::checkFlashRequest.INFO: PASSED [] []
[2013-10-30 12:42:34] Http\RequestTest::createRequestAsString.INFO: PASSED [] []
[2013-10-30 12:42:34] Http\ResponseTest::createFromString.INFO: PASSED [] []
[2013-10-30 12:42:34] Http\ResponseTest::createSimpleResponse.INFO: PASSED [] []
[2013-10-30 12:42:34] Http\ResponseTest::changeStatusCode.INFO: PASSED [] []
[2013-10-30 12:42:34] Http\ResponseTest::setBadHeaders.INFO: PASSED [] []
[2013-10-30 12:42:34] Log\LogTest::createALogger.INFO: PASSED [] []
[2013-10-30 12:42:34] Session\SessionTest::testMe.INFO: PASSED [] []
[2013-10-30 12:42:34] Utility\ArrayMethodsTest::cleanAnArray.INFO: PASSED [] []
[2013-10-30 12:42:34] Utility\ArrayMethodsTest::trimAnArray.INFO: PASSED [] []
[2013-10-30 12:42:34] Utility\TextTest::matchString.INFO: PASSED [] []
[2013-10-30 12:42:34] Utility\TextTest::splitAString.INFO: PASSED [] []
[2013-10-30 14:40:48] Common\BaseTest::createAnObject.INFO: PASSED [] []
[2013-10-30 14:40:48] Common\BaseTest::serializeObject.INFO: PASSED [] []
[2013-10-30 14:40:48] Common\BaseTest::assignValues.INFO: PASSED [] []
[2013-10-30 14:40:48] Common\BaseTest::setReadOnlyProperty.INFO: PASSED [] []
[2013-10-30 14:40:48] Common\BaseTest::getValues.INFO: PASSED [] []
[2013-10-30 14:40:48] Common\BaseTest::getStateValues.INFO: PASSED [] []
[2013-10-30 14:40:48] Common\BaseTest::callUnimplementedMethod.INFO: PASSED [] []
[2013-10-30 14:40:48] Common\BaseTest::userABadConstructor.INFO: PASSED [] []
[2013-10-30 14:40:48] Common\EventsTest::registerAndCallEvents.INFO: PASSED [] []
[2013-10-30 14:40:48] Common\InspectorTest::createAnInspector.INFO: PASSED [] []
[2013-10-30 14:40:48] Common\InspectorTest::readClassMetaData.INFO: PASSED [] []
[2013-10-30 14:40:48] Common\InspectorTest::readClassProperties.INFO: PASSED [] []
[2013-10-30 14:40:48] Common\InspectorTest::readClassMethods.INFO: PASSED [] []
[2013-10-30 14:40:48] Common\InspectorTest::readPropertyMetaData.INFO: PASSED [] []
[2013-10-30 14:40:48] Common\InspectorTest::readMethodMetaData.INFO: PASSED [] []
[2013-10-30 14:40:48] Database\Connector\MysqlTest::inititlizeDriver.INFO: PASSED [] []
[2013-10-30 14:40:48] Database\Connector\MysqlTest::connectToMysql.INFO: PASSED [] []
[2013-10-30 14:40:48] Database\Connector\MysqlTest::excapeText.INFO: PASSED [] []
[2013-10-30 14:40:48] Database\Connector\MysqlTest::executingQuery.INFO: PASSED [] []
[2013-10-30 14:40:48] Database\Connector\MysqlTest::getAffectedRows.INFO: PASSED [] []
[2013-10-30 14:40:48] Database\Connector\MysqlTest::getLastError.INFO: PASSED [] []
[2013-10-30 14:40:48] Database\Connector\MysqlTest::lastInsertedId.INFO: PASSED [] []
[2013-10-30 14:40:48] Database\Connector\MysqlTest::query.INFO: PASSED [] []
[2013-10-30 14:40:48] Database\DatabaseTest::initializeWithInvalidType.INFO: PASSED [] []
[2013-10-30 14:40:48] Database\DatabaseTest::initializeDatabase.INFO: PASSED [] []
[2013-10-30 14:40:48] Database\Query\MysqlTest::queryFrom.INFO: PASSED [] []
[2013-10-30 14:40:48] Database\Query\MysqlTest::queryJoin.INFO: PASSED [] []
[2013-10-30 14:40:48] Database\Query\MysqlTest::queryLimit.INFO: PASSED [] []
[2013-10-30 14:40:48] Database\Query\MysqlTest::queryOrderBy.INFO: PASSED [] []
[2013-10-30 14:40:48] Database\Query\MysqlTest::queryWhere.INFO: PASSED [] []
[2013-10-30 14:40:48] Database\Query\MysqlTest::queryWhereAlias.INFO: PASSED [] []
[2013-10-30 14:40:48] Database\Query\MysqlTest::checkFirstAll.INFO: PASSED [] []
[2013-10-30 14:40:48] Database\Query\MysqlTest::queryCount.INFO: PASSED [] []
[2013-10-30 14:40:48] Database\Query\MysqlTest::querySave.INFO: PASSED [] []
[2013-10-30 14:40:48] Database\Query\MysqlTest::queryDelete.INFO: PASSED [] []
[2013-10-30 14:40:48] Http\PhpEnvironment\RequestTest::checkPostParams.INFO: PASSED [] []
[2013-10-30 14:40:48] Http\PhpEnvironment\RequestTest::checkQueryParams.INFO: PASSED [] []
[2013-10-30 14:40:48] Http\PhpEnvironment\RequestTest::checkEnvironmentParams.INFO: PASSED [] []
[2013-10-30 14:40:48] Http\PhpEnvironment\RequestTest::checkCorrectFilesStruc.INFO: PASSED [] []
[2013-10-30 14:40:48] Http\PhpEnvironment\RequestTest::setDataFromServer.INFO: PASSED [] []
[2013-10-30 14:40:48] Http\PhpEnvironment\RequestTest::setCorrectUri.INFO: PASSED [] []
[2013-10-30 14:40:48] Http\PhpEnvironment\RequestTest::checkIisRewriteUrl.INFO: PASSED [] []
[2013-10-30 14:40:48] Http\PhpEnvironment\RequestTest::checkIisUnencoded.INFO: PASSED [] []
[2013-10-30 14:40:48] Http\PhpEnvironment\RequestTest::checkIis5RewriteUrl.INFO: PASSED [] []
[2013-10-30 14:40:48] Http\PhpEnvironment\RequestTest::retrieveTheRequestBody.INFO: PASSED [] []
[2013-10-30 14:40:48] Http\PhpEnvironment\RequestTest::detectTheCorrectBasePath0.INFO: PASSED [] []
[2013-10-30 14:40:48] Http\PhpEnvironment\RequestTest::detectTheCorrectBasePath1.INFO: PASSED [] []
[2013-10-30 14:40:48] Http\PhpEnvironment\RequestTest::detectTheCorrectBasePath2.INFO: PASSED [] []
[2013-10-30 14:40:48] Http\PhpEnvironment\RequestTest::detectTheCorrectBasePath3.INFO: PASSED [] []
[2013-10-30 14:40:48] Http\PhpEnvironment\RequestTest::detectTheCorrectBasePath4.INFO: PASSED [] []
[2013-10-30 14:40:48] Http\PhpEnvironment\RequestTest::detectTheCorrectBasePath5.INFO: PASSED [] []
[2013-10-30 14:40:48] Http\PhpEnvironment\RequestTest::detectTheCorrectBasePath6.INFO: PASSED [] []
[2013-10-30 14:40:48] Http\PhpEnvironment\ResponseTest::sendHeaders.INFO: PASSED [] []
[2013-10-30 14:40:48] Http\PhpEnvironment\ResponseTest::sendContent.INFO: PASSED [] []
[2013-10-30 14:40:48] Http\PhpEnvironment\ResponseTest::detectServerHttpVersion.INFO: PASSED [] []
[2013-10-30 14:40:48] Http\RequestTest::createRequestFromString.INFO: PASSED [] []
[2013-10-30 14:40:48] Http\RequestTest::createUriFromString.INFO: PASSED [] []
[2013-10-30 14:40:48] Http\RequestTest::createUriFromObject.INFO: PASSED [] []
[2013-10-30 14:40:48] Http\RequestTest::setRequestVersion.INFO: PASSED [] []
[2013-10-30 14:40:48] Http\RequestTest::checkXmlRequest.INFO: PASSED [] []
[2013-10-30 14:40:48] Http\RequestTest::checkFlashRequest.INFO: PASSED [] []
[2013-10-30 14:40:48] Http\RequestTest::createRequestAsString.INFO: PASSED [] []
[2013-10-30 14:40:48] Http\ResponseTest::createFromString.INFO: PASSED [] []
[2013-10-30 14:40:48] Http\ResponseTest::createSimpleResponse.INFO: PASSED [] []
[2013-10-30 14:40:48] Http\ResponseTest::changeStatusCode.INFO: PASSED [] []
[2013-10-30 14:40:48] Http\ResponseTest::setBadHeaders.INFO: PASSED [] []
[2013-10-30 14:40:48] Log\LogTest::createALogger.INFO: PASSED [] []
[2013-10-30 14:40:48] Session\SessionTest::initiateASessionDriver.ALERT: Trying to assign a value to an undefined property. Slick\Session\Session::$_type doesn't exists. [] []
[2013-10-30 14:40:48] Session\SessionTest::initiateASessionDriver.INFO: # ERROR # [] []
[2013-10-30 14:40:48] Session\SessionTest::initiateASessionDriver.INFO: PASSED [] []
[2013-10-30 14:40:48] Utility\ArrayMethodsTest::cleanAnArray.INFO: PASSED [] []
[2013-10-30 14:40:48] Utility\ArrayMethodsTest::trimAnArray.INFO: PASSED [] []
[2013-10-30 14:40:48] Utility\TextTest::matchString.INFO: PASSED [] []
[2013-10-30 14:40:48] Utility\TextTest::splitAString.INFO: PASSED [] []
[2013-10-30 14:41:11] Common\BaseTest::createAnObject.INFO: PASSED [] []
[2013-10-30 14:41:11] Common\BaseTest::serializeObject.INFO: PASSED [] []
[2013-10-30 14:41:11] Common\BaseTest::assignValues.INFO: PASSED [] []
[2013-10-30 14:41:11] Common\BaseTest::setReadOnlyProperty.INFO: PASSED [] []
[2013-10-30 14:41:11] Common\BaseTest::getValues.INFO: PASSED [] []
[2013-10-30 14:41:11] Common\BaseTest::getStateValues.INFO: PASSED [] []
[2013-10-30 14:41:11] Common\BaseTest::callUnimplementedMethod.INFO: PASSED [] []
[2013-10-30 14:41:11] Common\BaseTest::userABadConstructor.INFO: PASSED [] []
[2013-10-30 14:41:11] Common\EventsTest::registerAndCallEvents.INFO: PASSED [] []
[2013-10-30 14:41:11] Common\InspectorTest::createAnInspector.INFO: PASSED [] []
[2013-10-30 14:41:11] Common\InspectorTest::readClassMetaData.INFO: PASSED [] []
[2013-10-30 14:41:11] Common\InspectorTest::readClassProperties.INFO: PASSED [] []
[2013-10-30 14:41:11] Common\InspectorTest::readClassMethods.INFO: PASSED [] []
[2013-10-30 14:41:11] Common\InspectorTest::readPropertyMetaData.INFO: PASSED [] []
[2013-10-30 14:41:11] Common\InspectorTest::readMethodMetaData.INFO: PASSED [] []
[2013-10-30 14:41:11] Database\Connector\MysqlTest::inititlizeDriver.INFO: PASSED [] []
[2013-10-30 14:41:11] Database\Connector\MysqlTest::connectToMysql.INFO: PASSED [] []
[2013-10-30 14:41:11] Database\Connector\MysqlTest::excapeText.INFO: PASSED [] []
[2013-10-30 14:41:11] Database\Connector\MysqlTest::executingQuery.INFO: PASSED [] []
[2013-10-30 14:41:11] Database\Connector\MysqlTest::getAffectedRows.INFO: PASSED [] []
[2013-10-30 14:41:11] Database\Connector\MysqlTest::getLastError.INFO: PASSED [] []
[2013-10-30 14:41:11] Database\Connector\MysqlTest::lastInsertedId.INFO: PASSED [] []
[2013-10-30 14:41:11] Database\Connector\MysqlTest::query.INFO: PASSED [] []
[2013-10-30 14:41:11] Database\DatabaseTest::initializeWithInvalidType.INFO: PASSED [] []
[2013-10-30 14:41:11] Database\DatabaseTest::initializeDatabase.INFO: PASSED [] []
[2013-10-30 14:41:11] Database\Query\MysqlTest::queryFrom.INFO: PASSED [] []
[2013-10-30 14:41:11] Database\Query\MysqlTest::queryJoin.INFO: PASSED [] []
[2013-10-30 14:41:11] Database\Query\MysqlTest::queryLimit.INFO: PASSED [] []
[2013-10-30 14:41:11] Database\Query\MysqlTest::queryOrderBy.INFO: PASSED [] []
[2013-10-30 14:41:11] Database\Query\MysqlTest::queryWhere.INFO: PASSED [] []
[2013-10-30 14:41:11] Database\Query\MysqlTest::queryWhereAlias.INFO: PASSED [] []
[2013-10-30 14:41:11] Database\Query\MysqlTest::checkFirstAll.INFO: PASSED [] []
[2013-10-30 14:41:11] Database\Query\MysqlTest::queryCount.INFO: PASSED [] []
[2013-10-30 14:41:11] Database\Query\MysqlTest::querySave.INFO: PASSED [] []
[2013-10-30 14:41:11] Database\Query\MysqlTest::queryDelete.INFO: PASSED [] []
[2013-10-30 14:41:11] Http\PhpEnvironment\RequestTest::checkPostParams.INFO: PASSED [] []
[2013-10-30 14:41:11] Http\PhpEnvironment\RequestTest::checkQueryParams.INFO: PASSED [] []
[2013-10-30 14:41:11] Http\PhpEnvironment\RequestTest::checkEnvironmentParams.INFO: PASSED [] []
[2013-10-30 14:41:11] Http\PhpEnvironment\RequestTest::checkCorrectFilesStruc.INFO: PASSED [] []
[2013-10-30 14:41:11] Http\PhpEnvironment\RequestTest::setDataFromServer.INFO: PASSED [] []
[2013-10-30 14:41:12] Http\PhpEnvironment\RequestTest::setCorrectUri.INFO: PASSED [] []
[2013-10-30 14:41:12] Http\PhpEnvironment\RequestTest::checkIisRewriteUrl.INFO: PASSED [] []
[2013-10-30 14:41:12] Http\PhpEnvironment\RequestTest::checkIisUnencoded.INFO: PASSED [] []
[2013-10-30 14:41:12] Http\PhpEnvironment\RequestTest::checkIis5RewriteUrl.INFO: PASSED [] []
[2013-10-30 14:41:12] Http\PhpEnvironment\RequestTest::retrieveTheRequestBody.INFO: PASSED [] []
[2013-10-30 14:41:12] Http\PhpEnvironment\RequestTest::detectTheCorrectBasePath0.INFO: PASSED [] []
[2013-10-30 14:41:12] Http\PhpEnvironment\RequestTest::detectTheCorrectBasePath1.INFO: PASSED [] []
[2013-10-30 14:41:12] Http\PhpEnvironment\RequestTest::detectTheCorrectBasePath2.INFO: PASSED [] []
[2013-10-30 14:41:12] Http\PhpEnvironment\RequestTest::detectTheCorrectBasePath3.INFO: PASSED [] []
[2013-10-30 14:41:12] Http\PhpEnvironment\RequestTest::detectTheCorrectBasePath4.INFO: PASSED [] []
[2013-10-30 14:41:12] Http\PhpEnvironment\RequestTest::detectTheCorrectBasePath5.INFO: PASSED [] []
[2013-10-30 14:41:12] Http\PhpEnvironment\RequestTest::detectTheCorrectBasePath6.INFO: PASSED [] []
[2013-10-30 14:41:12] Http\PhpEnvironment\ResponseTest::sendHeaders.INFO: PASSED [] []
[2013-10-30 14:41:12] Http\PhpEnvironment\ResponseTest::sendContent.INFO: PASSED [] []
[2013-10-30 14:41:12] Http\PhpEnvironment\ResponseTest::detectServerHttpVersion.INFO: PASSED [] []
[2013-10-30 14:41:12] Http\RequestTest::createRequestFromString.INFO: PASSED [] []
[2013-10-30 14:41:12] Http\RequestTest::createUriFromString.INFO: PASSED [] []
[2013-10-30 14:41:12] Http\RequestTest::createUriFromObject.INFO: PASSED [] []
[2013-10-30 14:41:12] Http\RequestTest::setRequestVersion.INFO: PASSED [] []
[2013-10-30 14:41:12] Http\RequestTest::checkXmlRequest.INFO: PASSED [] []
[2013-10-30 14:41:12] Http\RequestTest::checkFlashRequest.INFO: PASSED [] []
[2013-10-30 14:41:12] Http\RequestTest::createRequestAsString.INFO: PASSED [] []
[2013-10-30 14:41:12] Http\ResponseTest::createFromString.INFO: PASSED [] []
[2013-10-30 14:41:12] Http\ResponseTest::createSimpleResponse.INFO: PASSED [] []
[2013-10-30 14:41:12] Http\ResponseTest::changeStatusCode.INFO: PASSED [] []
[2013-10-30 14:41:12] Http\ResponseTest::setBadHeaders.INFO: PASSED [] []
[2013-10-30 14:41:12] Log\LogTest::createALogger.INFO: PASSED [] []
[2013-10-30 14:41:12] Session\SessionTest::initiateASessionDriver.ALERT: Argument #1 of PHPUnit_Framework_Assert::assertInstanceOf() must be a class or interface name [] []
[2013-10-30 14:41:12] Session\SessionTest::initiateASessionDriver.INFO: # ERROR # [] []
[2013-10-30 14:41:12] Session\SessionTest::initiateASessionDriver.INFO: PASSED [] []
[2013-10-30 14:41:12] Utility\ArrayMethodsTest::cleanAnArray.INFO: PASSED [] []
[2013-10-30 14:41:12] Utility\ArrayMethodsTest::trimAnArray.INFO: PASSED [] []
[2013-10-30 14:41:12] Utility\TextTest::matchString.INFO: PASSED [] []
[2013-10-30 14:41:12] Utility\TextTest::splitAString.INFO: PASSED [] []
[2013-10-30 14:42:32] Common\BaseTest::createAnObject.INFO: PASSED [] []
[2013-10-30 14:42:32] Common\BaseTest::serializeObject.INFO: PASSED [] []
[2013-10-30 14:42:32] Common\BaseTest::assignValues.INFO: PASSED [] []
[2013-10-30 14:42:32] Common\BaseTest::setReadOnlyProperty.INFO: PASSED [] []
[2013-10-30 14:42:32] Common\BaseTest::getValues.INFO: PASSED [] []
[2013-10-30 14:42:32] Common\BaseTest::getStateValues.INFO: PASSED [] []
[2013-10-30 14:42:32] Common\BaseTest::callUnimplementedMethod.INFO: PASSED [] []
[2013-10-30 14:42:32] Common\BaseTest::userABadConstructor.INFO: PASSED [] []
[2013-10-30 14:42:32] Common\EventsTest::registerAndCallEvents.INFO: PASSED [] []
[2013-10-30 14:42:32] Common\InspectorTest::createAnInspector.INFO: PASSED [] []
[2013-10-30 14:42:32] Common\InspectorTest::readClassMetaData.INFO: PASSED [] []
[2013-10-30 14:42:32] Common\InspectorTest::readClassProperties.INFO: PASSED [] []
[2013-10-30 14:42:32] Common\InspectorTest::readClassMethods.INFO: PASSED [] []
[2013-10-30 14:42:32] Common\InspectorTest::readPropertyMetaData.INFO: PASSED [] []
[2013-10-30 14:42:32] Common\InspectorTest::readMethodMetaData.INFO: PASSED [] []
[2013-10-30 14:42:32] Database\Connector\MysqlTest::inititlizeDriver.INFO: PASSED [] []
[2013-10-30 14:42:32] Database\Connector\MysqlTest::connectToMysql.INFO: PASSED [] []
[2013-10-30 14:42:32] Database\Connector\MysqlTest::excapeText.INFO: PASSED [] []
[2013-10-30 14:42:32] Database\Connector\MysqlTest::executingQuery.INFO: PASSED [] []
[2013-10-30 14:42:32] Database\Connector\MysqlTest::getAffectedRows.INFO: PASSED [] []
[2013-10-30 14:42:32] Database\Connector\MysqlTest::getLastError.INFO: PASSED [] []
[2013-10-30 14:42:32] Database\Connector\MysqlTest::lastInsertedId.INFO: PASSED [] []
[2013-10-30 14:42:32] Database\Connector\MysqlTest::query.INFO: PASSED [] []
[2013-10-30 14:42:32] Database\DatabaseTest::initializeWithInvalidType.INFO: PASSED [] []
[2013-10-30 14:42:32] Database\DatabaseTest::initializeDatabase.INFO: PASSED [] []
[2013-10-30 14:42:32] Database\Query\MysqlTest::queryFrom.INFO: PASSED [] []
[2013-10-30 14:42:32] Database\Query\MysqlTest::queryJoin.INFO: PASSED [] []
[2013-10-30 14:42:32] Database\Query\MysqlTest::queryLimit.INFO: PASSED [] []
[2013-10-30 14:42:32] Database\Query\MysqlTest::queryOrderBy.INFO: PASSED [] []
[2013-10-30 14:42:32] Database\Query\MysqlTest::queryWhere.INFO: PASSED [] []
[2013-10-30 14:42:32] Database\Query\MysqlTest::queryWhereAlias.INFO: PASSED [] []
[2013-10-30 14:42:32] Database\Query\MysqlTest::checkFirstAll.INFO: PASSED [] []
[2013-10-30 14:42:32] Database\Query\MysqlTest::queryCount.INFO: PASSED [] []
[2013-10-30 14:42:32] Database\Query\MysqlTest::querySave.INFO: PASSED [] []
[2013-10-30 14:42:32] Database\Query\MysqlTest::queryDelete.INFO: PASSED [] []
[2013-10-30 14:42:32] Http\PhpEnvironment\RequestTest::checkPostParams.INFO: PASSED [] []
[2013-10-30 14:42:32] Http\PhpEnvironment\RequestTest::checkQueryParams.INFO: PASSED [] []
[2013-10-30 14:42:32] Http\PhpEnvironment\RequestTest::checkEnvironmentParams.INFO: PASSED [] []
[2013-10-30 14:42:32] Http\PhpEnvironment\RequestTest::checkCorrectFilesStruc.INFO: PASSED [] []
[2013-10-30 14:42:32] Http\PhpEnvironment\RequestTest::setDataFromServer.INFO: PASSED [] []
[2013-10-30 14:42:32] Http\PhpEnvironment\RequestTest::setCorrectUri.INFO: PASSED [] []
[2013-10-30 14:42:32] Http\PhpEnvironment\RequestTest::checkIisRewriteUrl.INFO: PASSED [] []
[2013-10-30 14:42:32] Http\PhpEnvironment\RequestTest::checkIisUnencoded.INFO: PASSED [] []
[2013-10-30 14:42:32] Http\PhpEnvironment\RequestTest::checkIis5RewriteUrl.INFO: PASSED [] []
[2013-10-30 14:42:32] Http\PhpEnvironment\RequestTest::retrieveTheRequestBody.INFO: PASSED [] []
[2013-10-30 14:42:32] Http\PhpEnvironment\RequestTest::detectTheCorrectBasePath0.INFO: PASSED [] []
[2013-10-30 14:42:32] Http\PhpEnvironment\RequestTest::detectTheCorrectBasePath1.INFO: PASSED [] []
[2013-10-30 14:42:32] Http\PhpEnvironment\RequestTest::detectTheCorrectBasePath2.INFO: PASSED [] []
[2013-10-30 14:42:32] Http\PhpEnvironment\RequestTest::detectTheCorrectBasePath3.INFO: PASSED [] []
[2013-10-30 14:42:32] Http\PhpEnvironment\RequestTest::detectTheCorrectBasePath4.INFO: PASSED [] []
[2013-10-30 14:42:32] Http\PhpEnvironment\RequestTest::detectTheCorrectBasePath5.INFO: PASSED [] []
[2013-10-30 14:42:32] Http\PhpEnvironment\RequestTest::detectTheCorrectBasePath6.INFO: PASSED [] []
[2013-10-30 14:42:33] Http\PhpEnvironment\ResponseTest::sendHeaders.INFO: PASSED [] []
[2013-10-30 14:42:33] Http\PhpEnvironment\ResponseTest::sendContent.INFO: PASSED [] []
[2013-10-30 14:42:33] Http\PhpEnvironment\ResponseTest::detectServerHttpVersion.INFO: PASSED [] []
[2013-10-30 14:42:33] Http\RequestTest::createRequestFromString.INFO: PASSED [] []
[2013-10-30 14:42:33] Http\RequestTest::createUriFromString.INFO: PASSED [] []
[2013-10-30 14:42:33] Http\RequestTest::createUriFromObject.INFO: PASSED [] []
[2013-10-30 14:42:33] Http\RequestTest::setRequestVersion.INFO: PASSED [] []
[2013-10-30 14:42:33] Http\RequestTest::checkXmlRequest.INFO: PASSED [] []
[2013-10-30 14:42:33] Http\RequestTest::checkFlashRequest.INFO: PASSED [] []
[2013-10-30 14:42:33] Http\RequestTest::createRequestAsString.INFO: PASSED [] []
[2013-10-30 14:42:33] Http\ResponseTest::createFromString.INFO: PASSED [] []
[2013-10-30 14:42:33] Http\ResponseTest::createSimpleResponse.INFO: PASSED [] []
[2013-10-30 14:42:33] Http\ResponseTest::changeStatusCode.INFO: PASSED [] []
[2013-10-30 14:42:33] Http\ResponseTest::setBadHeaders.INFO: PASSED [] []
[2013-10-30 14:42:33] Log\LogTest::createALogger.INFO: PASSED [] []
[2013-10-30 14:42:33] Session\SessionTest::initiateASessionDriver.ALERT: Argument #1 of PHPUnit_Framework_Assert::assertInstanceOf() must be a class or interface name [] []
[2013-10-30 14:42:33] Session\SessionTest::initiateASessionDriver.INFO: # ERROR # [] []
[2013-10-30 14:42:33] Session\SessionTest::initiateASessionDriver.INFO: PASSED [] []
[2013-10-30 14:42:33] Utility\ArrayMethodsTest::cleanAnArray.INFO: PASSED [] []
[2013-10-30 14:42:33] Utility\ArrayMethodsTest::trimAnArray.INFO: PASSED [] []
[2013-10-30 14:42:33] Utility\TextTest::matchString.INFO: PASSED [] []
[2013-10-30 14:42:33] Utility\TextTest::splitAString.INFO: PASSED [] []
[2013-10-30 14:43:05] Common\BaseTest::createAnObject.INFO: PASSED [] []
[2013-10-30 14:43:05] Common\BaseTest::serializeObject.INFO: PASSED [] []
[2013-10-30 14:43:05] Common\BaseTest::assignValues.INFO: PASSED [] []
[2013-10-30 14:43:05] Common\BaseTest::setReadOnlyProperty.INFO: PASSED [] []
[2013-10-30 14:43:05] Common\BaseTest::getValues.INFO: PASSED [] []
[2013-10-30 14:43:05] Common\BaseTest::getStateValues.INFO: PASSED [] []
[2013-10-30 14:43:05] Common\BaseTest::callUnimplementedMethod.INFO: PASSED [] []
[2013-10-30 14:43:05] Common\BaseTest::userABadConstructor.INFO: PASSED [] []
[2013-10-30 14:43:05] Common\EventsTest::registerAndCallEvents.INFO: PASSED [] []
[2013-10-30 14:43:05] Common\InspectorTest::createAnInspector.INFO: PASSED [] []
[2013-10-30 14:43:05] Common\InspectorTest::readClassMetaData.INFO: PASSED [] []
[2013-10-30 14:43:05] Common\InspectorTest::readClassProperties.INFO: PASSED [] []
[2013-10-30 14:43:05] Common\InspectorTest::readClassMethods.INFO: PASSED [] []
[2013-10-30 14:43:05] Common\InspectorTest::readPropertyMetaData.INFO: PASSED [] []
[2013-10-30 14:43:05] Common\InspectorTest::readMethodMetaData.INFO: PASSED [] []
[2013-10-30 14:43:05] Database\Connector\MysqlTest::inititlizeDriver.INFO: PASSED [] []
[2013-10-30 14:43:05] Database\Connector\MysqlTest::connectToMysql.INFO: PASSED [] []
[2013-10-30 14:43:05] Database\Connector\MysqlTest::excapeText.INFO: PASSED [] []
[2013-10-30 14:43:05] Database\Connector\MysqlTest::executingQuery.INFO: PASSED [] []
[2013-10-30 14:43:05] Database\Connector\MysqlTest::getAffectedRows.INFO: PASSED [] []
[2013-10-30 14:43:05] Database\Connector\MysqlTest::getLastError.INFO: PASSED [] []
[2013-10-30 14:43:05] Database\Connector\MysqlTest::lastInsertedId.INFO: PASSED [] []
[2013-10-30 14:43:05] Database\Connector\MysqlTest::query.INFO: PASSED [] []
[2013-10-30 14:43:05] Database\DatabaseTest::initializeWithInvalidType.INFO: PASSED [] []
[2013-10-30 14:43:05] Database\DatabaseTest::initializeDatabase.INFO: PASSED [] []
[2013-10-30 14:43:05] Database\Query\MysqlTest::queryFrom.INFO: PASSED [] []
[2013-10-30 14:43:05] Database\Query\MysqlTest::queryJoin.INFO: PASSED [] []
[2013-10-30 14:43:05] Database\Query\MysqlTest::queryLimit.INFO: PASSED [] []
[2013-10-30 14:43:05] Database\Query\MysqlTest::queryOrderBy.INFO: PASSED [] []
[2013-10-30 14:43:05] Database\Query\MysqlTest::queryWhere.INFO: PASSED [] []
[2013-10-30 14:43:05] Database\Query\MysqlTest::queryWhereAlias.INFO: PASSED [] []
[2013-10-30 14:43:05] Database\Query\MysqlTest::checkFirstAll.INFO: PASSED [] []
[2013-10-30 14:43:05] Database\Query\MysqlTest::queryCount.INFO: PASSED [] []
[2013-10-30 14:43:05] Database\Query\MysqlTest::querySave.INFO: PASSED [] []
[2013-10-30 14:43:05] Database\Query\MysqlTest::queryDelete.INFO: PASSED [] []
[2013-10-30 14:43:05] Http\PhpEnvironment\RequestTest::checkPostParams.INFO: PASSED [] []
[2013-10-30 14:43:05] Http\PhpEnvironment\RequestTest::checkQueryParams.INFO: PASSED [] []
[2013-10-30 14:43:05] Http\PhpEnvironment\RequestTest::checkEnvironmentParams.INFO: PASSED [] []
[2013-10-30 14:43:05] Http\PhpEnvironment\RequestTest::checkCorrectFilesStruc.INFO: PASSED [] []
[2013-10-30 14:43:05] Http\PhpEnvironment\RequestTest::setDataFromServer.INFO: PASSED [] []
[2013-10-30 14:43:05] Http\PhpEnvironment\RequestTest::setCorrectUri.INFO: PASSED [] []
[2013-10-30 14:43:05] Http\PhpEnvironment\RequestTest::checkIisRewriteUrl.INFO: PASSED [] []
[2013-10-30 14:43:05] Http\PhpEnvironment\RequestTest::checkIisUnencoded.INFO: PASSED [] []
[2013-10-30 14:43:05] Http\PhpEnvironment\RequestTest::checkIis5RewriteUrl.INFO: PASSED [] []
[2013-10-30 14:43:05] Http\PhpEnvironment\RequestTest::retrieveTheRequestBody.INFO: PASSED [] []
[2013-10-30 14:43:05] Http\PhpEnvironment\RequestTest::detectTheCorrectBasePath0.INFO: PASSED [] []
[2013-10-30 14:43:05] Http\PhpEnvironment\RequestTest::detectTheCorrectBasePath1.INFO: PASSED [] []
[2013-10-30 14:43:05] Http\PhpEnvironment\RequestTest::detectTheCorrectBasePath2.INFO: PASSED [] []
[2013-10-30 14:43:05] Http\PhpEnvironment\RequestTest::detectTheCorrectBasePath3.INFO: PASSED [] []
[2013-10-30 14:43:05] Http\PhpEnvironment\RequestTest::detectTheCorrectBasePath4.INFO: PASSED [] []
[2013-10-30 14:43:05] Http\PhpEnvironment\RequestTest::detectTheCorrectBasePath5.INFO: PASSED [] []
[2013-10-30 14:43:05] Http\PhpEnvironment\RequestTest::detectTheCorrectBasePath6.INFO: PASSED [] []
[2013-10-30 14:43:05] Http\PhpEnvironment\ResponseTest::sendHeaders.INFO: PASSED [] []
[2013-10-30 14:43:05] Http\PhpEnvironment\ResponseTest::sendContent.INFO: PASSED [] []
[2013-10-30 14:43:05] Http\PhpEnvironment\ResponseTest::detectServerHttpVersion.INFO: PASSED [] []
[2013-10-30 14:43:05] Http\RequestTest::createRequestFromString.INFO: PASSED [] []
[2013-10-30 14:43:05] Http\RequestTest::createUriFromString.INFO: PASSED [] []
[2013-10-30 14:43:05] Http\RequestTest::createUriFromObject.INFO: PASSED [] []
[2013-10-30 14:43:05] Http\RequestTest::setRequestVersion.INFO: PASSED [] []
[2013-10-30 14:43:05] Http\RequestTest::checkXmlRequest.INFO: PASSED [] []
[2013-10-30 14:43:05] Http\RequestTest::checkFlashRequest.INFO: PASSED [] []
[2013-10-30 14:43:05] Http\RequestTest::createRequestAsString.INFO: PASSED [] []
[2013-10-30 14:43:05] Http\ResponseTest::createFromString.INFO: PASSED [] []
[2013-10-30 14:43:05] Http\ResponseTest::createSimpleResponse.INFO: PASSED [] []
[2013-10-30 14:43:05] Http\ResponseTest::changeStatusCode.INFO: PASSED [] []
[2013-10-30 14:43:05] Http\ResponseTest::setBadHeaders.INFO: PASSED [] []
[2013-10-30 14:43:05] Log\LogTest::createALogger.INFO: PASSED [] []
[2013-10-30 14:43:05] Session\SessionTest::initiateASessionDriver.ALERT: Argument #1 of PHPUnit_Framework_Assert::assertInstanceOf() must be a class or interface name [] []
[2013-10-30 14:43:05] Session\SessionTest::initiateASessionDriver.INFO: # ERROR # [] []
[2013-10-30 14:43:05] Session\SessionTest::initiateASessionDriver.INFO: PASSED [] []
[2013-10-30 14:43:05] Utility\ArrayMethodsTest::cleanAnArray.INFO: PASSED [] []
[2013-10-30 14:43:05] Utility\ArrayMethodsTest::trimAnArray.INFO: PASSED [] []
[2013-10-30 14:43:05] Utility\TextTest::matchString.INFO: PASSED [] []
[2013-10-30 14:43:05] Utility\TextTest::splitAString.INFO: PASSED [] []
[2013-10-30 14:43:26] Common\BaseTest::createAnObject.INFO: PASSED [] []
[2013-10-30 14:43:26] Common\BaseTest::serializeObject.INFO: PASSED [] []
[2013-10-30 14:43:26] Common\BaseTest::assignValues.INFO: PASSED [] []
[2013-10-30 14:43:26] Common\BaseTest::setReadOnlyProperty.INFO: PASSED [] []
[2013-10-30 14:43:26] Common\BaseTest::getValues.INFO: PASSED [] []
[2013-10-30 14:43:26] Common\BaseTest::getStateValues.INFO: PASSED [] []
[2013-10-30 14:43:26] Common\BaseTest::callUnimplementedMethod.INFO: PASSED [] []
[2013-10-30 14:43:26] Common\BaseTest::userABadConstructor.INFO: PASSED [] []
[2013-10-30 14:43:26] Common\EventsTest::registerAndCallEvents.INFO: PASSED [] []
[2013-10-30 14:43:26] Common\InspectorTest::createAnInspector.INFO: PASSED [] []
[2013-10-30 14:43:26] Common\InspectorTest::readClassMetaData.INFO: PASSED [] []
[2013-10-30 14:43:26] Common\InspectorTest::readClassProperties.INFO: PASSED [] []
[2013-10-30 14:43:26] Common\InspectorTest::readClassMethods.INFO: PASSED [] []
[2013-10-30 14:43:26] Common\InspectorTest::readPropertyMetaData.INFO: PASSED [] []
[2013-10-30 14:43:26] Common\InspectorTest::readMethodMetaData.INFO: PASSED [] []
[2013-10-30 14:43:26] Database\Connector\MysqlTest::inititlizeDriver.INFO: PASSED [] []
[2013-10-30 14:43:26] Database\Connector\MysqlTest::connectToMysql.INFO: PASSED [] []
[2013-10-30 14:43:26] Database\Connector\MysqlTest::excapeText.INFO: PASSED [] []
[2013-10-30 14:43:26] Database\Connector\MysqlTest::executingQuery.INFO: PASSED [] []
[2013-10-30 14:43:26] Database\Connector\MysqlTest::getAffectedRows.INFO: PASSED [] []
[2013-10-30 14:43:26] Database\Connector\MysqlTest::getLastError.INFO: PASSED [] []
[2013-10-30 14:43:26] Database\Connector\MysqlTest::lastInsertedId.INFO: PASSED [] []
[2013-10-30 14:43:26] Database\Connector\MysqlTest::query.INFO: PASSED [] []
[2013-10-30 14:43:26] Database\DatabaseTest::initializeWithInvalidType.INFO: PASSED [] []
[2013-10-30 14:43:26] Database\DatabaseTest::initializeDatabase.INFO: PASSED [] []
[2013-10-30 14:43:26] Database\Query\MysqlTest::queryFrom.INFO: PASSED [] []
[2013-10-30 14:43:26] Database\Query\MysqlTest::queryJoin.INFO: PASSED [] []
[2013-10-30 14:43:26] Database\Query\MysqlTest::queryLimit.INFO: PASSED [] []
[2013-10-30 14:43:26] Database\Query\MysqlTest::queryOrderBy.INFO: PASSED [] []
[2013-10-30 14:43:26] Database\Query\MysqlTest::queryWhere.INFO: PASSED [] []
[2013-10-30 14:43:26] Database\Query\MysqlTest::queryWhereAlias.INFO: PASSED [] []
[2013-10-30 14:43:26] Database\Query\MysqlTest::checkFirstAll.INFO: PASSED [] []
[2013-10-30 14:43:26] Database\Query\MysqlTest::queryCount.INFO: PASSED [] []
[2013-10-30 14:43:26] Database\Query\MysqlTest::querySave.INFO: PASSED [] []
[2013-10-30 14:43:26] Database\Query\MysqlTest::queryDelete.INFO: PASSED [] []
[2013-10-30 14:43:26] Http\PhpEnvironment\RequestTest::checkPostParams.INFO: PASSED [] []
[2013-10-30 14:43:26] Http\PhpEnvironment\RequestTest::checkQueryParams.INFO: PASSED [] []
[2013-10-30 14:43:26] Http\PhpEnvironment\RequestTest::checkEnvironmentParams.INFO: PASSED [] []
[2013-10-30 14:43:26] Http\PhpEnvironment\RequestTest::checkCorrectFilesStruc.INFO: PASSED [] []
[2013-10-30 14:43:26] Http\PhpEnvironment\RequestTest::setDataFromServer.INFO: PASSED [] []
[2013-10-30 14:43:26] Http\PhpEnvironment\RequestTest::setCorrectUri.INFO: PASSED [] []
[2013-10-30 14:43:26] Http\PhpEnvironment\RequestTest::checkIisRewriteUrl.INFO: PASSED [] []
[2013-10-30 14:43:26] Http\PhpEnvironment\RequestTest::checkIisUnencoded.INFO: PASSED [] []
[2013-10-30 14:43:26] Http\PhpEnvironment\RequestTest::checkIis5RewriteUrl.INFO: PASSED [] []
[2013-10-30 14:43:26] Http\PhpEnvironment\RequestTest::retrieveTheRequestBody.INFO: PASSED [] []
[2013-10-30 14:43:26] Http\PhpEnvironment\RequestTest::detectTheCorrectBasePath0.INFO: PASSED [] []
[2013-10-30 14:43:26] Http\PhpEnvironment\RequestTest::detectTheCorrectBasePath1.INFO: PASSED [] []
[2013-10-30 14:43:26] Http\PhpEnvironment\RequestTest::detectTheCorrectBasePath2.INFO: PASSED [] []
[2013-10-30 14:43:26] Http\PhpEnvironment\RequestTest::detectTheCorrectBasePath3.INFO: PASSED [] []
[2013-10-30 14:43:26] Http\PhpEnvironment\RequestTest::detectTheCorrectBasePath4.INFO: PASSED [] []
[2013-10-30 14:43:26] Http\PhpEnvironment\RequestTest::detectTheCorrectBasePath5.INFO: PASSED [] []
[2013-10-30 14:43:26] Http\PhpEnvironment\RequestTest::detectTheCorrectBasePath6.INFO: PASSED [] []
[2013-10-30 14:43:26] Http\PhpEnvironment\ResponseTest::sendHeaders.INFO: PASSED [] []
[2013-10-30 14:43:26] Http\PhpEnvironment\ResponseTest::sendContent.INFO: PASSED [] []
[2013-10-30 14:43:26] Http\PhpEnvironment\ResponseTest::detectServerHttpVersion.INFO: PASSED [] []
[2013-10-30 14:43:26] Http\RequestTest::createRequestFromString.INFO: PASSED [] []
[2013-10-30 14:43:26] Http\RequestTest::createUriFromString.INFO: PASSED [] []
[2013-10-30 14:43:26] Http\RequestTest::createUriFromObject.INFO: PASSED [] []
[2013-10-30 14:43:26] Http\RequestTest::setRequestVersion.INFO: PASSED [] []
[2013-10-30 14:43:26] Http\RequestTest::checkXmlRequest.INFO: PASSED [] []
[2013-10-30 14:43:26] Http\RequestTest::checkFlashRequest.INFO: PASSED [] []
[2013-10-30 14:43:26] Http\RequestTest::createRequestAsString.INFO: PASSED [] []
[2013-10-30 14:43:26] Http\ResponseTest::createFromString.INFO: PASSED [] []
[2013-10-30 14:43:26] Http\ResponseTest::createSimpleResponse.INFO: PASSED [] []
[2013-10-30 14:43:26] Http\ResponseTest::changeStatusCode.INFO: PASSED [] []
[2013-10-30 14:43:26] Http\ResponseTest::setBadHeaders.INFO: PASSED [] []
[2013-10-30 14:43:26] Log\LogTest::createALogger.INFO: PASSED [] []
[2013-10-30 14:44:09] Common\BaseTest::createAnObject.INFO: PASSED [] []
[2013-10-30 14:44:09] Common\BaseTest::serializeObject.INFO: PASSED [] []
[2013-10-30 14:44:09] Common\BaseTest::assignValues.INFO: PASSED [] []
[2013-10-30 14:44:09] Common\BaseTest::setReadOnlyProperty.INFO: PASSED [] []
[2013-10-30 14:44:09] Common\BaseTest::getValues.INFO: PASSED [] []
[2013-10-30 14:44:09] Common\BaseTest::getStateValues.INFO: PASSED [] []
[2013-10-30 14:44:09] Common\BaseTest::callUnimplementedMethod.INFO: PASSED [] []
[2013-10-30 14:44:09] Common\BaseTest::userABadConstructor.INFO: PASSED [] []
[2013-10-30 14:44:09] Common\EventsTest::registerAndCallEvents.INFO: PASSED [] []
[2013-10-30 14:44:09] Common\InspectorTest::createAnInspector.INFO: PASSED [] []
[2013-10-30 14:44:09] Common\InspectorTest::readClassMetaData.INFO: PASSED [] []
[2013-10-30 14:44:09] Common\InspectorTest::readClassProperties.INFO: PASSED [] []
[2013-10-30 14:44:09] Common\InspectorTest::readClassMethods.INFO: PASSED [] []
[2013-10-30 14:44:09] Common\InspectorTest::readPropertyMetaData.INFO: PASSED [] []
[2013-10-30 14:44:09] Common\InspectorTest::readMethodMetaData.INFO: PASSED [] []
[2013-10-30 14:44:09] Database\Connector\MysqlTest::inititlizeDriver.INFO: PASSED [] []
[2013-10-30 14:44:09] Database\Connector\MysqlTest::connectToMysql.INFO: PASSED [] []
[2013-10-30 14:44:09] Database\Connector\MysqlTest::excapeText.INFO: PASSED [] []
[2013-10-30 14:44:09] Database\Connector\MysqlTest::executingQuery.INFO: PASSED [] []
[2013-10-30 14:44:09] Database\Connector\MysqlTest::getAffectedRows.INFO: PASSED [] []
[2013-10-30 14:44:09] Database\Connector\MysqlTest::getLastError.INFO: PASSED [] []
[2013-10-30 14:44:09] Database\Connector\MysqlTest::lastInsertedId.INFO: PASSED [] []
[2013-10-30 14:44:09] Database\Connector\MysqlTest::query.INFO: PASSED [] []
[2013-10-30 14:44:09] Database\DatabaseTest::initializeWithInvalidType.INFO: PASSED [] []
[2013-10-30 14:44:09] Database\DatabaseTest::initializeDatabase.INFO: PASSED [] []
[2013-10-30 14:44:09] Database\Query\MysqlTest::queryFrom.INFO: PASSED [] []
[2013-10-30 14:44:09] Database\Query\MysqlTest::queryJoin.INFO: PASSED [] []
[2013-10-30 14:44:09] Database\Query\MysqlTest::queryLimit.INFO: PASSED [] []
[2013-10-30 14:44:09] Database\Query\MysqlTest::queryOrderBy.INFO: PASSED [] []
[2013-10-30 14:44:09] Database\Query\MysqlTest::queryWhere.INFO: PASSED [] []
[2013-10-30 14:44:09] Database\Query\MysqlTest::queryWhereAlias.INFO: PASSED [] []
[2013-10-30 14:44:09] Database\Query\MysqlTest::checkFirstAll.INFO: PASSED [] []
[2013-10-30 14:44:09] Database\Query\MysqlTest::queryCount.INFO: PASSED [] []
[2013-10-30 14:44:10] Database\Query\MysqlTest::querySave.INFO: PASSED [] []
[2013-10-30 14:44:10] Database\Query\MysqlTest::queryDelete.INFO: PASSED [] []
[2013-10-30 14:44:10] Http\PhpEnvironment\RequestTest::checkPostParams.INFO: PASSED [] []
[2013-10-30 14:44:10] Http\PhpEnvironment\RequestTest::checkQueryParams.INFO: PASSED [] []
[2013-10-30 14:44:10] Http\PhpEnvironment\RequestTest::checkEnvironmentParams.INFO: PASSED [] []
[2013-10-30 14:44:10] Http\PhpEnvironment\RequestTest::checkCorrectFilesStruc.INFO: PASSED [] []
[2013-10-30 14:44:10] Http\PhpEnvironment\RequestTest::setDataFromServer.INFO: PASSED [] []
[2013-10-30 14:44:10] Http\PhpEnvironment\RequestTest::setCorrectUri.INFO: PASSED [] []
[2013-10-30 14:44:10] Http\PhpEnvironment\RequestTest::checkIisRewriteUrl.INFO: PASSED [] []
[2013-10-30 14:44:10] Http\PhpEnvironment\RequestTest::checkIisUnencoded.INFO: PASSED [] []
[2013-10-30 14:44:10] Http\PhpEnvironment\RequestTest::checkIis5RewriteUrl.INFO: PASSED [] []
[2013-10-30 14:44:10] Http\PhpEnvironment\RequestTest::retrieveTheRequestBody.INFO: PASSED [] []
[2013-10-30 14:44:10] Http\PhpEnvironment\RequestTest::detectTheCorrectBasePath0.INFO: PASSED [] []
[2013-10-30 14:44:10] Http\PhpEnvironment\RequestTest::detectTheCorrectBasePath1.INFO: PASSED [] []
[2013-10-30 14:44:10] Http\PhpEnvironment\RequestTest::detectTheCorrectBasePath2.INFO: PASSED [] []
[2013-10-30 14:44:10] Http\PhpEnvironment\RequestTest::detectTheCorrectBasePath3.INFO: PASSED [] []
[2013-10-30 14:44:10] Http\PhpEnvironment\RequestTest::detectTheCorrectBasePath4.INFO: PASSED [] []
[2013-10-30 14:44:10] Http\PhpEnvironment\RequestTest::detectTheCorrectBasePath5.INFO: PASSED [] []
[2013-10-30 14:44:10] Http\PhpEnvironment\RequestTest::detectTheCorrectBasePath6.INFO: PASSED [] []
[2013-10-30 14:44:10] Http\PhpEnvironment\ResponseTest::sendHeaders.INFO: PASSED [] []
[2013-10-30 14:44:10] Http\PhpEnvironment\ResponseTest::sendContent.INFO: PASSED [] []
[2013-10-30 14:44:10] Http\PhpEnvironment\ResponseTest::detectServerHttpVersion.INFO: PASSED [] []
[2013-10-30 14:44:10] Http\RequestTest::createRequestFromString.INFO: PASSED [] []
[2013-10-30 14:44:10] Http\RequestTest::createUriFromString.INFO: PASSED [] []
[2013-10-30 14:44:10] Http\RequestTest::createUriFromObject.INFO: PASSED [] []
[2013-10-30 14:44:10] Http\RequestTest::setRequestVersion.INFO: PASSED [] []
[2013-10-30 14:44:10] Http\RequestTest::checkXmlRequest.INFO: PASSED [] []
[2013-10-30 14:44:10] Http\RequestTest::checkFlashRequest.INFO: PASSED [] []
[2013-10-30 14:44:10] Http\RequestTest::createRequestAsString.INFO: PASSED [] []
[2013-10-30 14:44:10] Http\ResponseTest::createFromString.INFO: PASSED [] []
[2013-10-30 14:44:10] Http\ResponseTest::createSimpleResponse.INFO: PASSED [] []
[2013-10-30 14:44:10] Http\ResponseTest::changeStatusCode.INFO: PASSED [] []
[2013-10-30 14:44:10] Http\ResponseTest::setBadHeaders.INFO: PASSED [] []
[2013-10-30 14:44:10] Log\LogTest::createALogger.INFO: PASSED [] []
[2013-10-30 14:44:17] Common\BaseTest::createAnObject.INFO: PASSED [] []
[2013-10-30 14:44:17] Common\BaseTest::serializeObject.INFO: PASSED [] []
[2013-10-30 14:44:17] Common\BaseTest::assignValues.INFO: PASSED [] []
[2013-10-30 14:44:17] Common\BaseTest::setReadOnlyProperty.INFO: PASSED [] []
[2013-10-30 14:44:17] Common\BaseTest::getValues.INFO: PASSED [] []
[2013-10-30 14:44:17] Common\BaseTest::getStateValues.INFO: PASSED [] []
[2013-10-30 14:44:17] Common\BaseTest::callUnimplementedMethod.INFO: PASSED [] []
[2013-10-30 14:44:17] Common\BaseTest::userABadConstructor.INFO: PASSED [] []
[2013-10-30 14:44:17] Common\EventsTest::registerAndCallEvents.INFO: PASSED [] []
[2013-10-30 14:44:17] Common\InspectorTest::createAnInspector.INFO: PASSED [] []
[2013-10-30 14:44:17] Common\InspectorTest::readClassMetaData.INFO: PASSED [] []
[2013-10-30 14:44:17] Common\InspectorTest::readClassProperties.INFO: PASSED [] []
[2013-10-30 14:44:17] Common\InspectorTest::readClassMethods.INFO: PASSED [] []
[2013-10-30 14:44:17] Common\InspectorTest::readPropertyMetaData.INFO: PASSED [] []
[2013-10-30 14:44:17] Common\InspectorTest::readMethodMetaData.INFO: PASSED [] []
[2013-10-30 14:44:17] Database\Connector\MysqlTest::inititlizeDriver.INFO: PASSED [] []
[2013-10-30 14:44:17] Database\Connector\MysqlTest::connectToMysql.INFO: PASSED [] []
[2013-10-30 14:44:17] Database\Connector\MysqlTest::excapeText.INFO: PASSED [] []
[2013-10-30 14:44:17] Database\Connector\MysqlTest::executingQuery.INFO: PASSED [] []
[2013-10-30 14:44:17] Database\Connector\MysqlTest::getAffectedRows.INFO: PASSED [] []
[2013-10-30 14:44:17] Database\Connector\MysqlTest::getLastError.INFO: PASSED [] []
[2013-10-30 14:44:17] Database\Connector\MysqlTest::lastInsertedId.INFO: PASSED [] []
[2013-10-30 14:44:17] Database\Connector\MysqlTest::query.INFO: PASSED [] []
[2013-10-30 14:44:17] Database\DatabaseTest::initializeWithInvalidType.INFO: PASSED [] []
[2013-10-30 14:44:17] Database\DatabaseTest::initializeDatabase.INFO: PASSED [] []
[2013-10-30 14:44:17] Database\Query\MysqlTest::queryFrom.INFO: PASSED [] []
[2013-10-30 14:44:17] Database\Query\MysqlTest::queryJoin.INFO: PASSED [] []
[2013-10-30 14:44:17] Database\Query\MysqlTest::queryLimit.INFO: PASSED [] []
[2013-10-30 14:44:17] Database\Query\MysqlTest::queryOrderBy.INFO: PASSED [] []
[2013-10-30 14:44:17] Database\Query\MysqlTest::queryWhere.INFO: PASSED [] []
[2013-10-30 14:44:17] Database\Query\MysqlTest::queryWhereAlias.INFO: PASSED [] []
[2013-10-30 14:44:18] Database\Query\MysqlTest::checkFirstAll.INFO: PASSED [] []
[2013-10-30 14:44:18] Database\Query\MysqlTest::queryCount.INFO: PASSED [] []
[2013-10-30 14:44:18] Database\Query\MysqlTest::querySave.INFO: PASSED [] []
[2013-10-30 14:44:18] Database\Query\MysqlTest::queryDelete.INFO: PASSED [] []
[2013-10-30 14:44:18] Http\PhpEnvironment\RequestTest::checkPostParams.INFO: PASSED [] []
[2013-10-30 14:44:18] Http\PhpEnvironment\RequestTest::checkQueryParams.INFO: PASSED [] []
[2013-10-30 14:44:18] Http\PhpEnvironment\RequestTest::checkEnvironmentParams.INFO: PASSED [] []
[2013-10-30 14:44:18] Http\PhpEnvironment\RequestTest::checkCorrectFilesStruc.INFO: PASSED [] []
[2013-10-30 14:44:18] Http\PhpEnvironment\RequestTest::setDataFromServer.INFO: PASSED [] []
[2013-10-30 14:44:18] Http\PhpEnvironment\RequestTest::setCorrectUri.INFO: PASSED [] []
[2013-10-30 14:44:18] Http\PhpEnvironment\RequestTest::checkIisRewriteUrl.INFO: PASSED [] []
[2013-10-30 14:44:18] Http\PhpEnvironment\RequestTest::checkIisUnencoded.INFO: PASSED [] []
[2013-10-30 14:44:18] Http\PhpEnvironment\RequestTest::checkIis5RewriteUrl.INFO: PASSED [] []
[2013-10-30 14:44:18] Http\PhpEnvironment\RequestTest::retrieveTheRequestBody.INFO: PASSED [] []
[2013-10-30 14:44:18] Http\PhpEnvironment\RequestTest::detectTheCorrectBasePath0.INFO: PASSED [] []
[2013-10-30 14:44:18] Http\PhpEnvironment\RequestTest::detectTheCorrectBasePath1.INFO: PASSED [] []
[2013-10-30 14:44:18] Http\PhpEnvironment\RequestTest::detectTheCorrectBasePath2.INFO: PASSED [] []
[2013-10-30 14:44:18] Http\PhpEnvironment\RequestTest::detectTheCorrectBasePath3.INFO: PASSED [] []
[2013-10-30 14:44:18] Http\PhpEnvironment\RequestTest::detectTheCorrectBasePath4.INFO: PASSED [] []
[2013-10-30 14:44:18] Http\PhpEnvironment\RequestTest::detectTheCorrectBasePath5.INFO: PASSED [] []
[2013-10-30 14:44:18] Http\PhpEnvironment\RequestTest::detectTheCorrectBasePath6.INFO: PASSED [] []
[2013-10-30 14:44:18] Http\PhpEnvironment\ResponseTest::sendHeaders.INFO: PASSED [] []
[2013-10-30 14:44:18] Http\PhpEnvironment\ResponseTest::sendContent.INFO: PASSED [] []
[2013-10-30 14:44:18] Http\PhpEnvironment\ResponseTest::detectServerHttpVersion.INFO: PASSED [] []
[2013-10-30 14:44:18] Http\RequestTest::createRequestFromString.INFO: PASSED [] []
[2013-10-30 14:44:18] Http\RequestTest::createUriFromString.INFO: PASSED [] []
[2013-10-30 14:44:18] Http\RequestTest::createUriFromObject.INFO: PASSED [] []
[2013-10-30 14:44:18] Http\RequestTest::setRequestVersion.INFO: PASSED [] []
[2013-10-30 14:44:18] Http\RequestTest::checkXmlRequest.INFO: PASSED [] []
[2013-10-30 14:44:18] Http\RequestTest::checkFlashRequest.INFO: PASSED [] []
[2013-10-30 14:44:18] Http\RequestTest::createRequestAsString.INFO: PASSED [] []
[2013-10-30 14:44:18] Http\ResponseTest::createFromString.INFO: PASSED [] []
[2013-10-30 14:44:18] Http\ResponseTest::createSimpleResponse.INFO: PASSED [] []
[2013-10-30 14:44:18] Http\ResponseTest::changeStatusCode.INFO: PASSED [] []
[2013-10-30 14:44:18] Http\ResponseTest::setBadHeaders.INFO: PASSED [] []
[2013-10-30 14:44:18] Log\LogTest::createALogger.INFO: PASSED [] []
[2013-10-30 14:44:18] Session\SessionTest::initiateASessionDriver.INFO: PASSED [] []
[2013-10-30 14:44:18] Utility\ArrayMethodsTest::cleanAnArray.INFO: PASSED [] []
[2013-10-30 14:44:18] Utility\ArrayMethodsTest::trimAnArray.INFO: PASSED [] []
[2013-10-30 14:44:18] Utility\TextTest::matchString.INFO: PASSED [] []
[2013-10-30 14:44:18] Utility\TextTest::splitAString.INFO: PASSED [] []
[2013-10-30 14:44:29] Common\BaseTest::createAnObject.INFO: PASSED [] []
[2013-10-30 14:44:29] Common\BaseTest::serializeObject.INFO: PASSED [] []
[2013-10-30 14:44:29] Common\BaseTest::assignValues.INFO: PASSED [] []
[2013-10-30 14:44:29] Common\BaseTest::setReadOnlyProperty.INFO: PASSED [] []
[2013-10-30 14:44:29] Common\BaseTest::getValues.INFO: PASSED [] []
[2013-10-30 14:44:29] Common\BaseTest::getStateValues.INFO: PASSED [] []
[2013-10-30 14:44:29] Common\BaseTest::callUnimplementedMethod.INFO: PASSED [] []
[2013-10-30 14:44:29] Common\BaseTest::userABadConstructor.INFO: PASSED [] []
[2013-10-30 14:44:30] Common\EventsTest::registerAndCallEvents.INFO: PASSED [] []
[2013-10-30 14:44:30] Common\InspectorTest::createAnInspector.INFO: PASSED [] []
[2013-10-30 14:44:30] Common\InspectorTest::readClassMetaData.INFO: PASSED [] []
[2013-10-30 14:44:30] Common\InspectorTest::readClassProperties.INFO: PASSED [] []
[2013-10-30 14:44:30] Common\InspectorTest::readClassMethods.INFO: PASSED [] []
[2013-10-30 14:44:30] Common\InspectorTest::readPropertyMetaData.INFO: PASSED [] []
[2013-10-30 14:44:30] Common\InspectorTest::readMethodMetaData.INFO: PASSED [] []
[2013-10-30 14:44:30] Database\Connector\MysqlTest::inititlizeDriver.INFO: PASSED [] []
[2013-10-30 14:44:30] Database\Connector\MysqlTest::connectToMysql.INFO: PASSED [] []
[2013-10-30 14:44:30] Database\Connector\MysqlTest::excapeText.INFO: PASSED [] []
[2013-10-30 14:44:30] Database\Connector\MysqlTest::executingQuery.INFO: PASSED [] []
[2013-10-30 14:44:30] Database\Connector\MysqlTest::getAffectedRows.INFO: PASSED [] []
[2013-10-30 14:44:30] Database\Connector\MysqlTest::getLastError.INFO: PASSED [] []
[2013-10-30 14:44:30] Database\Connector\MysqlTest::lastInsertedId.INFO: PASSED [] []
[2013-10-30 14:44:30] Database\Connector\MysqlTest::query.INFO: PASSED [] []
[2013-10-30 14:44:30] Database\DatabaseTest::initializeWithInvalidType.INFO: PASSED [] []
[2013-10-30 14:44:30] Database\DatabaseTest::initializeDatabase.INFO: PASSED [] []
[2013-10-30 14:44:30] Database\Query\MysqlTest::queryFrom.INFO: PASSED [] []
[2013-10-30 14:44:30] Database\Query\MysqlTest::queryJoin.INFO: PASSED [] []
[2013-10-30 14:44:30] Database\Query\MysqlTest::queryLimit.INFO: PASSED [] []
[2013-10-30 14:44:30] Database\Query\MysqlTest::queryOrderBy.INFO: PASSED [] []
[2013-10-30 14:44:30] Database\Query\MysqlTest::queryWhere.INFO: PASSED [] []
[2013-10-30 14:44:30] Database\Query\MysqlTest::queryWhereAlias.INFO: PASSED [] []
[2013-10-30 14:44:30] Database\Query\MysqlTest::checkFirstAll.INFO: PASSED [] []
[2013-10-30 14:44:30] Database\Query\MysqlTest::queryCount.INFO: PASSED [] []
[2013-10-30 14:44:30] Database\Query\MysqlTest::querySave.INFO: PASSED [] []
[2013-10-30 14:44:30] Database\Query\MysqlTest::queryDelete.INFO: PASSED [] []
[2013-10-30 14:44:30] Http\PhpEnvironment\RequestTest::checkPostParams.INFO: PASSED [] []
[2013-10-30 14:44:30] Http\PhpEnvironment\RequestTest::checkQueryParams.INFO: PASSED [] []
[2013-10-30 14:44:31] Http\PhpEnvironment\RequestTest::checkEnvironmentParams.INFO: PASSED [] []
[2013-10-30 14:44:31] Http\PhpEnvironment\RequestTest::checkCorrectFilesStruc.INFO: PASSED [] []
[2013-10-30 14:44:31] Http\PhpEnvironment\RequestTest::setDataFromServer.INFO: PASSED [] []
[2013-10-30 14:44:31] Http\PhpEnvironment\RequestTest::setCorrectUri.INFO: PASSED [] []
[2013-10-30 14:44:31] Http\PhpEnvironment\RequestTest::checkIisRewriteUrl.INFO: PASSED [] []
[2013-10-30 14:44:31] Http\PhpEnvironment\RequestTest::checkIisUnencoded.INFO: PASSED [] []
[2013-10-30 14:44:31] Http\PhpEnvironment\RequestTest::checkIis5RewriteUrl.INFO: PASSED [] []
[2013-10-30 14:44:31] Http\PhpEnvironment\RequestTest::retrieveTheRequestBody.INFO: PASSED [] []
[2013-10-30 14:44:31] Http\PhpEnvironment\RequestTest::detectTheCorrectBasePath0.INFO: PASSED [] []
[2013-10-30 14:44:31] Http\PhpEnvironment\RequestTest::detectTheCorrectBasePath1.INFO: PASSED [] []
[2013-10-30 14:44:31] Http\PhpEnvironment\RequestTest::detectTheCorrectBasePath2.INFO: PASSED [] []
[2013-10-30 14:44:31] Http\PhpEnvironment\RequestTest::detectTheCorrectBasePath3.INFO: PASSED [] []
[2013-10-30 14:44:31] Http\PhpEnvironment\RequestTest::detectTheCorrectBasePath4.INFO: PASSED [] []
[2013-10-30 14:44:31] Http\PhpEnvironment\RequestTest::detectTheCorrectBasePath5.INFO: PASSED [] []
[2013-10-30 14:44:31] Http\PhpEnvironment\RequestTest::detectTheCorrectBasePath6.INFO: PASSED [] []
[2013-10-30 14:44:31] Http\PhpEnvironment\ResponseTest::sendHeaders.INFO: PASSED [] []
[2013-10-30 14:44:31] Http\PhpEnvironment\ResponseTest::sendContent.INFO: PASSED [] []
[2013-10-30 14:44:31] Http\PhpEnvironment\ResponseTest::detectServerHttpVersion.INFO: PASSED [] []
[2013-10-30 14:44:31] Http\RequestTest::createRequestFromString.INFO: PASSED [] []
[2013-10-30 14:44:31] Http\RequestTest::createUriFromString.INFO: PASSED [] []
[2013-10-30 14:44:31] Http\RequestTest::createUriFromObject.INFO: PASSED [] []
[2013-10-30 14:44:31] Http\RequestTest::setRequestVersion.INFO: PASSED [] []
[2013-10-30 14:44:31] Http\RequestTest::checkXmlRequest.INFO: PASSED [] []
[2013-10-30 14:44:31] Http\RequestTest::checkFlashRequest.INFO: PASSED [] []
[2013-10-30 14:44:31] Http\RequestTest::createRequestAsString.INFO: PASSED [] []
[2013-10-30 14:44:31] Http\ResponseTest::createFromString.INFO: PASSED [] []
[2013-10-30 14:44:31] Http\ResponseTest::createSimpleResponse.INFO: PASSED [] []
[2013-10-30 14:44:31] Http\ResponseTest::changeStatusCode.INFO: PASSED [] []
[2013-10-30 14:44:31] Http\ResponseTest::setBadHeaders.INFO: PASSED [] []
[2013-10-30 14:44:31] Log\LogTest::createALogger.INFO: PASSED [] []
[2013-10-30 14:44:31] Session\SessionTest::initiateASessionDriver.INFO: PASSED [] []
[2013-10-30 14:44:31] Utility\ArrayMethodsTest::cleanAnArray.INFO: PASSED [] []
[2013-10-30 14:44:31] Utility\ArrayMethodsTest::trimAnArray.INFO: PASSED [] []
[2013-10-30 14:44:31] Utility\TextTest::matchString.INFO: PASSED [] []
[2013-10-30 14:44:31] Utility\TextTest::splitAString.INFO: PASSED [] []
[2013-10-30 14:47:41] Common\BaseTest::createAnObject.INFO: PASSED [] []
[2013-10-30 14:47:41] Common\BaseTest::serializeObject.INFO: PASSED [] []
[2013-10-30 14:47:41] Common\BaseTest::assignValues.INFO: PASSED [] []
[2013-10-30 14:47:41] Common\BaseTest::setReadOnlyProperty.INFO: PASSED [] []
[2013-10-30 14:47:41] Common\BaseTest::getValues.INFO: PASSED [] []
[2013-10-30 14:47:41] Common\BaseTest::getStateValues.INFO: PASSED [] []
[2013-10-30 14:47:41] Common\BaseTest::callUnimplementedMethod.INFO: PASSED [] []
[2013-10-30 14:47:41] Common\BaseTest::userABadConstructor.INFO: PASSED [] []
[2013-10-30 14:47:41] Common\EventsTest::registerAndCallEvents.INFO: PASSED [] []
[2013-10-30 14:47:41] Common\InspectorTest::createAnInspector.INFO: PASSED [] []
[2013-10-30 14:47:41] Common\InspectorTest::readClassMetaData.INFO: PASSED [] []
[2013-10-30 14:47:41] Common\InspectorTest::readClassProperties.INFO: PASSED [] []
[2013-10-30 14:47:41] Common\InspectorTest::readClassMethods.INFO: PASSED [] []
[2013-10-30 14:47:41] Common\InspectorTest::readPropertyMetaData.INFO: PASSED [] []
[2013-10-30 14:47:41] Common\InspectorTest::readMethodMetaData.INFO: PASSED [] []
[2013-10-30 14:47:41] Database\Connector\MysqlTest::inititlizeDriver.INFO: PASSED [] []
[2013-10-30 14:47:41] Database\Connector\MysqlTest::connectToMysql.INFO: PASSED [] []
[2013-10-30 14:47:41] Database\Connector\MysqlTest::excapeText.INFO: PASSED [] []
[2013-10-30 14:47:41] Database\Connector\MysqlTest::executingQuery.INFO: PASSED [] []
[2013-10-30 14:47:41] Database\Connector\MysqlTest::getAffectedRows.INFO: PASSED [] []
[2013-10-30 14:47:41] Database\Connector\MysqlTest::getLastError.INFO: PASSED [] []
[2013-10-30 14:47:41] Database\Connector\MysqlTest::lastInsertedId.INFO: PASSED [] []
[2013-10-30 14:47:41] Database\Connector\MysqlTest::query.INFO: PASSED [] []
[2013-10-30 14:47:41] Database\DatabaseTest::initializeWithInvalidType.INFO: PASSED [] []
[2013-10-30 14:47:41] Database\DatabaseTest::initializeDatabase.INFO: PASSED [] []
[2013-10-30 14:47:42] Database\Query\MysqlTest::queryFrom.INFO: PASSED [] []
[2013-10-30 14:47:42] Database\Query\MysqlTest::queryJoin.INFO: PASSED [] []
[2013-10-30 14:47:42] Database\Query\MysqlTest::queryLimit.INFO: PASSED [] []
[2013-10-30 14:47:42] Database\Query\MysqlTest::queryOrderBy.INFO: PASSED [] []
[2013-10-30 14:47:42] Database\Query\MysqlTest::queryWhere.INFO: PASSED [] []
[2013-10-30 14:47:42] Database\Query\MysqlTest::queryWhereAlias.INFO: PASSED [] []
[2013-10-30 14:47:42] Database\Query\MysqlTest::checkFirstAll.INFO: PASSED [] []
[2013-10-30 14:47:42] Database\Query\MysqlTest::queryCount.INFO: PASSED [] []
[2013-10-30 14:47:42] Database\Query\MysqlTest::querySave.INFO: PASSED [] []
[2013-10-30 14:47:42] Database\Query\MysqlTest::queryDelete.INFO: PASSED [] []
[2013-10-30 14:47:42] Http\PhpEnvironment\RequestTest::checkPostParams.INFO: PASSED [] []
[2013-10-30 14:47:42] Http\PhpEnvironment\RequestTest::checkQueryParams.INFO: PASSED [] []
[2013-10-30 14:47:42] Http\PhpEnvironment\RequestTest::checkEnvironmentParams.INFO: PASSED [] []
[2013-10-30 14:47:42] Http\PhpEnvironment\RequestTest::checkCorrectFilesStruc.INFO: PASSED [] []
[2013-10-30 14:47:42] Http\PhpEnvironment\RequestTest::setDataFromServer.INFO: PASSED [] []
[2013-10-30 14:47:42] Http\PhpEnvironment\RequestTest::setCorrectUri.INFO: PASSED [] []
[2013-10-30 14:47:42] Http\PhpEnvironment\RequestTest::checkIisRewriteUrl.INFO: PASSED [] []
[2013-10-30 14:47:42] Http\PhpEnvironment\RequestTest::checkIisUnencoded.INFO: PASSED [] []
[2013-10-30 14:47:42] Http\PhpEnvironment\RequestTest::checkIis5RewriteUrl.INFO: PASSED [] []
[2013-10-30 14:47:42] Http\PhpEnvironment\RequestTest::retrieveTheRequestBody.INFO: PASSED [] []
[2013-10-30 14:47:42] Http\PhpEnvironment\RequestTest::detectTheCorrectBasePath0.INFO: PASSED [] []
[2013-10-30 14:47:43] Http\PhpEnvironment\RequestTest::detectTheCorrectBasePath1.INFO: PASSED [] []
[2013-10-30 14:47:43] Http\PhpEnvironment\RequestTest::detectTheCorrectBasePath2.INFO: PASSED [] []
[2013-10-30 14:47:43] Http\PhpEnvironment\RequestTest::detectTheCorrectBasePath3.INFO: PASSED [] []
[2013-10-30 14:47:43] Http\PhpEnvironment\RequestTest::detectTheCorrectBasePath4.INFO: PASSED [] []
[2013-10-30 14:47:43] Http\PhpEnvironment\RequestTest::detectTheCorrectBasePath5.INFO: PASSED [] []
[2013-10-30 14:47:43] Http\PhpEnvironment\RequestTest::detectTheCorrectBasePath6.INFO: PASSED [] []
[2013-10-30 14:47:43] Http\PhpEnvironment\ResponseTest::sendHeaders.INFO: PASSED [] []
[2013-10-30 14:47:43] Http\PhpEnvironment\ResponseTest::sendContent.INFO: PASSED [] []
[2013-10-30 14:47:43] Http\PhpEnvironment\ResponseTest::detectServerHttpVersion.INFO: PASSED [] []
[2013-10-30 14:47:43] Http\RequestTest::createRequestFromString.INFO: PASSED [] []
[2013-10-30 14:47:43] Http\RequestTest::createUriFromString.INFO: PASSED [] []
[2013-10-30 14:47:43] Http\RequestTest::createUriFromObject.INFO: PASSED [] []
[2013-10-30 14:47:43] Http\RequestTest::setRequestVersion.INFO: PASSED [] []
[2013-10-30 14:47:43] Http\RequestTest::checkXmlRequest.INFO: PASSED [] []
[2013-10-30 14:47:43] Http\RequestTest::checkFlashRequest.INFO: PASSED [] []
[2013-10-30 14:47:43] Http\RequestTest::createRequestAsString.INFO: PASSED [] []
[2013-10-30 14:47:43] Http\ResponseTest::createFromString.INFO: PASSED [] []
[2013-10-30 14:47:43] Http\ResponseTest::createSimpleResponse.INFO: PASSED [] []
[2013-10-30 14:47:43] Http\ResponseTest::changeStatusCode.INFO: PASSED [] []
[2013-10-30 14:47:43] Http\ResponseTest::setBadHeaders.INFO: PASSED [] []
[2013-10-30 14:47:43] Log\LogTest::createALogger.INFO: PASSED [] []
[2013-10-30 14:47:43] Session\SessionTest::initiateASessionDriver.INFO: PASSED [] []
[2013-10-30 14:47:43] Utility\ArrayMethodsTest::cleanAnArray.INFO: PASSED [] []
[2013-10-30 14:47:43] Utility\ArrayMethodsTest::trimAnArray.INFO: PASSED [] []
[2013-10-30 14:47:43] Utility\TextTest::matchString.INFO: PASSED [] []
[2013-10-30 14:47:43] Utility\TextTest::splitAString.INFO: PASSED [] []
[2013-10-30 14:50:59] Common\BaseTest::createAnObject.INFO: PASSED [] []
[2013-10-30 14:50:59] Common\BaseTest::serializeObject.INFO: PASSED [] []
[2013-10-30 14:50:59] Common\BaseTest::assignValues.INFO: PASSED [] []
[2013-10-30 14:50:59] Common\BaseTest::setReadOnlyProperty.INFO: PASSED [] []
[2013-10-30 14:50:59] Common\BaseTest::getValues.INFO: PASSED [] []
[2013-10-30 14:50:59] Common\BaseTest::getStateValues.INFO: PASSED [] []
[2013-10-30 14:50:59] Common\BaseTest::callUnimplementedMethod.INFO: PASSED [] []
[2013-10-30 14:50:59] Common\BaseTest::userABadConstructor.INFO: PASSED [] []
[2013-10-30 14:50:59] Common\EventsTest::registerAndCallEvents.INFO: PASSED [] []
[2013-10-30 14:50:59] Common\InspectorTest::createAnInspector.INFO: PASSED [] []
[2013-10-30 14:50:59] Common\InspectorTest::readClassMetaData.INFO: PASSED [] []
[2013-10-30 14:50:59] Common\InspectorTest::readClassProperties.INFO: PASSED [] []
[2013-10-30 14:50:59] Common\InspectorTest::readClassMethods.INFO: PASSED [] []
[2013-10-30 14:50:59] Common\InspectorTest::readPropertyMetaData.INFO: PASSED [] []
[2013-10-30 14:50:59] Common\InspectorTest::readMethodMetaData.INFO: PASSED [] []
[2013-10-30 14:50:59] Database\Connector\MysqlTest::inititlizeDriver.INFO: PASSED [] []
[2013-10-30 14:50:59] Database\Connector\MysqlTest::connectToMysql.INFO: PASSED [] []
[2013-10-30 14:50:59] Database\Connector\MysqlTest::excapeText.INFO: PASSED [] []
[2013-10-30 14:50:59] Database\Connector\MysqlTest::executingQuery.INFO: PASSED [] []
[2013-10-30 14:50:59] Database\Connector\MysqlTest::getAffectedRows.INFO: PASSED [] []
[2013-10-30 14:51:00] Database\Connector\MysqlTest::getLastError.INFO: PASSED [] []
[2013-10-30 14:51:00] Database\Connector\MysqlTest::lastInsertedId.INFO: PASSED [] []
[2013-10-30 14:51:00] Database\Connector\MysqlTest::query.INFO: PASSED [] []
[2013-10-30 14:51:00] Database\DatabaseTest::initializeWithInvalidType.INFO: PASSED [] []
[2013-10-30 14:51:00] Database\DatabaseTest::initializeDatabase.INFO: PASSED [] []
[2013-10-30 14:51:00] Database\Query\MysqlTest::queryFrom.INFO: PASSED [] []
[2013-10-30 14:51:00] Database\Query\MysqlTest::queryJoin.INFO: PASSED [] []
[2013-10-30 14:51:00] Database\Query\MysqlTest::queryLimit.INFO: PASSED [] []
[2013-10-30 14:51:00] Database\Query\MysqlTest::queryOrderBy.INFO: PASSED [] []
[2013-10-30 14:51:00] Database\Query\MysqlTest::queryWhere.INFO: PASSED [] []
[2013-10-30 14:51:00] Database\Query\MysqlTest::queryWhereAlias.INFO: PASSED [] []
[2013-10-30 14:51:00] Database\Query\MysqlTest::checkFirstAll.INFO: PASSED [] []
[2013-10-30 14:51:00] Database\Query\MysqlTest::queryCount.INFO: PASSED [] []
[2013-10-30 14:51:00] Database\Query\MysqlTest::querySave.INFO: PASSED [] []
[2013-10-30 14:51:00] Database\Query\MysqlTest::queryDelete.INFO: PASSED [] []
[2013-10-30 14:51:00] Http\PhpEnvironment\RequestTest::checkPostParams.INFO: PASSED [] []
[2013-10-30 14:51:00] Http\PhpEnvironment\RequestTest::checkQueryParams.INFO: PASSED [] []
[2013-10-30 14:51:00] Http\PhpEnvironment\RequestTest::checkEnvironmentParams.INFO: PASSED [] []
[2013-10-30 14:51:00] Http\PhpEnvironment\RequestTest::checkCorrectFilesStruc.INFO: PASSED [] []
[2013-10-30 14:51:00] Http\PhpEnvironment\RequestTest::setDataFromServer.INFO: PASSED [] []
[2013-10-30 14:51:00] Http\PhpEnvironment\RequestTest::setCorrectUri.INFO: PASSED [] []
[2013-10-30 14:51:00] Http\PhpEnvironment\RequestTest::checkIisRewriteUrl.INFO: PASSED [] []
[2013-10-30 14:51:01] Http\PhpEnvironment\RequestTest::checkIisUnencoded.INFO: PASSED [] []
[2013-10-30 14:51:01] Http\PhpEnvironment\RequestTest::checkIis5RewriteUrl.INFO: PASSED [] []
[2013-10-30 14:51:01] Http\PhpEnvironment\RequestTest::retrieveTheRequestBody.INFO: PASSED [] []
[2013-10-30 14:51:01] Http\PhpEnvironment\RequestTest::detectTheCorrectBasePath0.INFO: PASSED [] []
[2013-10-30 14:51:01] Http\PhpEnvironment\RequestTest::detectTheCorrectBasePath1.INFO: PASSED [] []
[2013-10-30 14:51:01] Http\PhpEnvironment\RequestTest::detectTheCorrectBasePath2.INFO: PASSED [] []
[2013-10-30 14:51:01] Http\PhpEnvironment\RequestTest::detectTheCorrectBasePath3.INFO: PASSED [] []
[2013-10-30 14:51:01] Http\PhpEnvironment\RequestTest::detectTheCorrectBasePath4.INFO: PASSED [] []
[2013-10-30 14:51:01] Http\PhpEnvironment\RequestTest::detectTheCorrectBasePath5.INFO: PASSED [] []
[2013-10-30 14:51:01] Http\PhpEnvironment\RequestTest::detectTheCorrectBasePath6.INFO: PASSED [] []
[2013-10-30 14:51:01] Http\PhpEnvironment\ResponseTest::sendHeaders.INFO: PASSED [] []
[2013-10-30 14:51:01] Http\PhpEnvironment\ResponseTest::sendContent.INFO: PASSED [] []
[2013-10-30 14:51:01] Http\PhpEnvironment\ResponseTest::detectServerHttpVersion.INFO: PASSED [] []
[2013-10-30 14:51:01] Http\RequestTest::createRequestFromString.INFO: PASSED [] []
[2013-10-30 14:51:01] Http\RequestTest::createUriFromString.INFO: PASSED [] []
[2013-10-30 14:51:01] Http\RequestTest::createUriFromObject.INFO: PASSED [] []
[2013-10-30 14:51:01] Http\RequestTest::setRequestVersion.INFO: PASSED [] []
[2013-10-30 14:51:01] Http\RequestTest::checkXmlRequest.INFO: PASSED [] []
[2013-10-30 14:51:01] Http\RequestTest::checkFlashRequest.INFO: PASSED [] []
[2013-10-30 14:51:01] Http\RequestTest::createRequestAsString.INFO: PASSED [] []
[2013-10-30 14:51:01] Http\ResponseTest::createFromString.INFO: PASSED [] []
[2013-10-30 14:51:01] Http\ResponseTest::createSimpleResponse.INFO: PASSED [] []
[2013-10-30 14:51:01] Http\ResponseTest::changeStatusCode.INFO: PASSED [] []
[2013-10-30 14:51:01] Http\ResponseTest::setBadHeaders.INFO: PASSED [] []
[2013-10-30 14:51:01] Log\LogTest::createALogger.INFO: PASSED [] []
[2013-10-30 14:51:01] Session\SessionTest::initiateASessionDriver.INFO: PASSED [] []
[2013-10-30 14:51:01] Session\SessionTest::initializeEmptyDriver.ALERT: Failed asserting that exception message 'The session driver is invalid.' contains 'he session type 'test' isn't implemented.'. [] []
[2013-10-30 14:51:01] Session\SessionTest::initializeEmptyDriver.INFO: # FAILED # [] []
[2013-10-30 14:51:01] Session\SessionTest::initializeEmptyDriver.INFO: PASSED [] []
[2013-10-30 14:51:01] Utility\ArrayMethodsTest::cleanAnArray.INFO: PASSED [] []
[2013-10-30 14:51:01] Utility\ArrayMethodsTest::trimAnArray.INFO: PASSED [] []
[2013-10-30 14:51:01] Utility\TextTest::matchString.INFO: PASSED [] []
[2013-10-30 14:51:01] Utility\TextTest::splitAString.INFO: PASSED [] []
[2013-10-30 14:56:46] Common\BaseTest::createAnObject.INFO: PASSED [] []
[2013-10-30 14:56:46] Common\BaseTest::serializeObject.INFO: PASSED [] []
[2013-10-30 14:56:46] Common\BaseTest::assignValues.INFO: PASSED [] []
[2013-10-30 14:56:46] Common\BaseTest::setReadOnlyProperty.INFO: PASSED [] []
[2013-10-30 14:56:46] Common\BaseTest::getValues.INFO: PASSED [] []
[2013-10-30 14:56:46] Common\BaseTest::getStateValues.INFO: PASSED [] []
[2013-10-30 14:56:46] Common\BaseTest::callUnimplementedMethod.INFO: PASSED [] []
[2013-10-30 14:56:46] Common\BaseTest::userABadConstructor.INFO: PASSED [] []
[2013-10-30 14:56:46] Common\EventsTest::registerAndCallEvents.INFO: PASSED [] []
[2013-10-30 14:56:46] Common\InspectorTest::createAnInspector.INFO: PASSED [] []
[2013-10-30 14:56:46] Common\InspectorTest::readClassMetaData.INFO: PASSED [] []
[2013-10-30 14:56:46] Common\InspectorTest::readClassProperties.INFO: PASSED [] []
[2013-10-30 14:56:46] Common\InspectorTest::readClassMethods.INFO: PASSED [] []
[2013-10-30 14:56:46] Common\InspectorTest::readPropertyMetaData.INFO: PASSED [] []
[2013-10-30 14:56:46] Common\InspectorTest::readMethodMetaData.INFO: PASSED [] []
[2013-10-30 14:56:47] Database\Connector\MysqlTest::inititlizeDriver.INFO: PASSED [] []
[2013-10-30 14:56:47] Database\Connector\MysqlTest::connectToMysql.INFO: PASSED [] []
[2013-10-30 14:56:47] Database\Connector\MysqlTest::excapeText.INFO: PASSED [] []
[2013-10-30 14:56:47] Database\Connector\MysqlTest::executingQuery.INFO: PASSED [] []
[2013-10-30 14:56:47] Database\Connector\MysqlTest::getAffectedRows.INFO: PASSED [] []
[2013-10-30 14:56:47] Database\Connector\MysqlTest::getLastError.INFO: PASSED [] []
[2013-10-30 14:56:47] Database\Connector\MysqlTest::lastInsertedId.INFO: PASSED [] []
[2013-10-30 14:56:47] Database\Connector\MysqlTest::query.INFO: PASSED [] []
[2013-10-30 14:56:47] Database\DatabaseTest::initializeWithInvalidType.INFO: PASSED [] []
[2013-10-30 14:56:47] Database\DatabaseTest::initializeDatabase.INFO: PASSED [] []
[2013-10-30 14:56:47] Database\Query\MysqlTest::queryFrom.INFO: PASSED [] []
[2013-10-30 14:56:47] Database\Query\MysqlTest::queryJoin.INFO: PASSED [] []
[2013-10-30 14:56:47] Database\Query\MysqlTest::queryLimit.INFO: PASSED [] []
[2013-10-30 14:56:47] Database\Query\MysqlTest::queryOrderBy.INFO: PASSED [] []
[2013-10-30 14:56:47] Database\Query\MysqlTest::queryWhere.INFO: PASSED [] []
[2013-10-30 14:56:47] Database\Query\MysqlTest::queryWhereAlias.INFO: PASSED [] []
[2013-10-30 14:56:47] Database\Query\MysqlTest::checkFirstAll.INFO: PASSED [] []
[2013-10-30 14:56:47] Database\Query\MysqlTest::queryCount.INFO: PASSED [] []
[2013-10-30 14:56:47] Database\Query\MysqlTest::querySave.INFO: PASSED [] []
[2013-10-30 14:56:47] Database\Query\MysqlTest::queryDelete.INFO: PASSED [] []
[2013-10-30 14:56:47] Http\PhpEnvironment\RequestTest::checkPostParams.INFO: PASSED [] []
[2013-10-30 14:56:47] Http\PhpEnvironment\RequestTest::checkQueryParams.INFO: PASSED [] []
[2013-10-30 14:56:47] Http\PhpEnvironment\RequestTest::checkEnvironmentParams.INFO: PASSED [] []
[2013-10-30 14:56:47] Http\PhpEnvironment\RequestTest::checkCorrectFilesStruc.INFO: PASSED [] []
[2013-10-30 14:56:48] Http\PhpEnvironment\RequestTest::setDataFromServer.INFO: PASSED [] []
[2013-10-30 14:56:48] Http\PhpEnvironment\RequestTest::setCorrectUri.INFO: PASSED [] []
[2013-10-30 14:56:48] Http\PhpEnvironment\RequestTest::checkIisRewriteUrl.INFO: PASSED [] []
[2013-10-30 14:56:48] Http\PhpEnvironment\RequestTest::checkIisUnencoded.INFO: PASSED [] []
[2013-10-30 14:56:48] Http\PhpEnvironment\RequestTest::checkIis5RewriteUrl.INFO: PASSED [] []
[2013-10-30 14:56:48] Http\PhpEnvironment\RequestTest::retrieveTheRequestBody.INFO: PASSED [] []
[2013-10-30 14:56:48] Http\PhpEnvironment\RequestTest::detectTheCorrectBasePath0.INFO: PASSED [] []
[2013-10-30 14:56:48] Http\PhpEnvironment\RequestTest::detectTheCorrectBasePath1.INFO: PASSED [] []
[2013-10-30 14:56:48] Http\PhpEnvironment\RequestTest::detectTheCorrectBasePath2.INFO: PASSED [] []
[2013-10-30 14:56:48] Http\PhpEnvironment\RequestTest::detectTheCorrectBasePath3.INFO: PASSED [] []
[2013-10-30 14:56:48] Http\PhpEnvironment\RequestTest::detectTheCorrectBasePath4.INFO: PASSED [] []
[2013-10-30 14:56:48] Http\PhpEnvironment\RequestTest::detectTheCorrectBasePath5.INFO: PASSED [] []
[2013-10-30 14:56:48] Http\PhpEnvironment\RequestTest::detectTheCorrectBasePath6.INFO: PASSED [] []
[2013-10-30 14:56:48] Http\PhpEnvironment\ResponseTest::sendHeaders.INFO: PASSED [] []
[2013-10-30 14:56:48] Http\PhpEnvironment\ResponseTest::sendContent.INFO: PASSED [] []
[2013-10-30 14:56:48] Http\PhpEnvironment\ResponseTest::detectServerHttpVersion.INFO: PASSED [] []
[2013-10-30 14:56:48] Http\RequestTest::createRequestFromString.INFO: PASSED [] []
[2013-10-30 14:56:48] Http\RequestTest::createUriFromString.INFO: PASSED [] []
[2013-10-30 14:56:48] Http\RequestTest::createUriFromObject.INFO: PASSED [] []
[2013-10-30 14:56:48] Http\RequestTest::setRequestVersion.INFO: PASSED [] []
[2013-10-30 14:56:48] Http\RequestTest::checkXmlRequest.INFO: PASSED [] []
[2013-10-30 14:56:48] Http\RequestTest::checkFlashRequest.INFO: PASSED [] []
[2013-10-30 14:56:48] Http\RequestTest::createRequestAsString.INFO: PASSED [] []
[2013-10-30 14:56:48] Http\ResponseTest::createFromString.INFO: PASSED [] []
[2013-10-30 14:56:48] Http\ResponseTest::createSimpleResponse.INFO: PASSED [] []
[2013-10-30 14:56:48] Http\ResponseTest::changeStatusCode.INFO: PASSED [] []
[2013-10-30 14:56:48] Http\ResponseTest::setBadHeaders.INFO: PASSED [] []
[2013-10-30 14:56:48] Log\LogTest::createALogger.INFO: PASSED [] []
[2013-10-30 14:56:48] Session\SessionTest::initializeASessionDriver.INFO: PASSED [] []
[2013-10-30 14:56:48] Session\SessionTest::initializeEmptyDriver.INFO: PASSED [] []
[2013-10-30 14:56:48] Session\SessionTest::initializeDriverFromClassName.ALERT: The session type '\Session\CostumDriver' doesn't inherited from Slick\Driver\DriverInterface. [] []
[2013-10-30 14:56:48] Session\SessionTest::initializeDriverFromClassName.INFO: # ERROR # [] []
[2013-10-30 14:56:48] Session\SessionTest::initializeDriverFromClassName.INFO: PASSED [] []
[2013-10-30 14:56:48] Utility\ArrayMethodsTest::cleanAnArray.INFO: PASSED [] []
[2013-10-30 14:56:48] Utility\ArrayMethodsTest::trimAnArray.INFO: PASSED [] []
[2013-10-30 14:56:48] Utility\TextTest::matchString.INFO: PASSED [] []
[2013-10-30 14:56:48] Utility\TextTest::splitAString.INFO: PASSED [] []
[2013-10-30 14:57:42] Common\BaseTest::createAnObject.INFO: PASSED [] []
[2013-10-30 14:57:42] Common\BaseTest::serializeObject.INFO: PASSED [] []
[2013-10-30 14:57:42] Common\BaseTest::assignValues.INFO: PASSED [] []
[2013-10-30 14:57:42] Common\BaseTest::setReadOnlyProperty.INFO: PASSED [] []
[2013-10-30 14:57:42] Common\BaseTest::getValues.INFO: PASSED [] []
[2013-10-30 14:57:42] Common\BaseTest::getStateValues.INFO: PASSED [] []
[2013-10-30 14:57:42] Common\BaseTest::callUnimplementedMethod.INFO: PASSED [] []
[2013-10-30 14:57:42] Common\BaseTest::userABadConstructor.INFO: PASSED [] []
[2013-10-30 14:57:42] Common\EventsTest::registerAndCallEvents.INFO: PASSED [] []
[2013-10-30 14:57:42] Common\InspectorTest::createAnInspector.INFO: PASSED [] []
[2013-10-30 14:57:42] Common\InspectorTest::readClassMetaData.INFO: PASSED [] []
[2013-10-30 14:57:42] Common\InspectorTest::readClassProperties.INFO: PASSED [] []
[2013-10-30 14:57:42] Common\InspectorTest::readClassMethods.INFO: PASSED [] []
[2013-10-30 14:57:42] Common\InspectorTest::readPropertyMetaData.INFO: PASSED [] []
[2013-10-30 14:57:42] Common\InspectorTest::readMethodMetaData.INFO: PASSED [] []
[2013-10-30 14:57:42] Database\Connector\MysqlTest::inititlizeDriver.INFO: PASSED [] []
[2013-10-30 14:57:42] Database\Connector\MysqlTest::connectToMysql.INFO: PASSED [] []
[2013-10-30 14:57:42] Database\Connector\MysqlTest::excapeText.INFO: PASSED [] []
[2013-10-30 14:57:42] Database\Connector\MysqlTest::executingQuery.INFO: PASSED [] []
[2013-10-30 14:57:42] Database\Connector\MysqlTest::getAffectedRows.INFO: PASSED [] []
[2013-10-30 14:57:42] Database\Connector\MysqlTest::getLastError.INFO: PASSED [] []
[2013-10-30 14:57:42] Database\Connector\MysqlTest::lastInsertedId.INFO: PASSED [] []
[2013-10-30 14:57:42] Database\Connector\MysqlTest::query.INFO: PASSED [] []
[2013-10-30 14:57:42] Database\DatabaseTest::initializeWithInvalidType.INFO: PASSED [] []
[2013-10-30 14:57:42] Database\DatabaseTest::initializeDatabase.INFO: PASSED [] []
[2013-10-30 14:57:42] Database\Query\MysqlTest::queryFrom.INFO: PASSED [] []
[2013-10-30 14:57:42] Database\Query\MysqlTest::queryJoin.INFO: PASSED [] []
[2013-10-30 14:57:42] Database\Query\MysqlTest::queryLimit.INFO: PASSED [] []
[2013-10-30 14:57:42] Database\Query\MysqlTest::queryOrderBy.INFO: PASSED [] []
[2013-10-30 14:57:42] Database\Query\MysqlTest::queryWhere.INFO: PASSED [] []
[2013-10-30 14:57:42] Database\Query\MysqlTest::queryWhereAlias.INFO: PASSED [] []
[2013-10-30 14:57:42] Database\Query\MysqlTest::checkFirstAll.INFO: PASSED [] []
[2013-10-30 14:57:42] Database\Query\MysqlTest::queryCount.INFO: PASSED [] []
[2013-10-30 14:57:43] Database\Query\MysqlTest::querySave.INFO: PASSED [] []
[2013-10-30 14:57:43] Database\Query\MysqlTest::queryDelete.INFO: PASSED [] []
[2013-10-30 14:57:43] Http\PhpEnvironment\RequestTest::checkPostParams.INFO: PASSED [] []
[2013-10-30 14:57:43] Http\PhpEnvironment\RequestTest::checkQueryParams.INFO: PASSED [] []
[2013-10-30 14:57:43] Http\PhpEnvironment\RequestTest::checkEnvironmentParams.INFO: PASSED [] []
[2013-10-30 14:57:43] Http\PhpEnvironment\RequestTest::checkCorrectFilesStruc.INFO: PASSED [] []
[2013-10-30 14:57:43] Http\PhpEnvironment\RequestTest::setDataFromServer.INFO: PASSED [] []
[2013-10-30 14:57:43] Http\PhpEnvironment\RequestTest::setCorrectUri.INFO: PASSED [] []
[2013-10-30 14:57:43] Http\PhpEnvironment\RequestTest::checkIisRewriteUrl.INFO: PASSED [] []
[2013-10-30 14:57:43] Http\PhpEnvironment\RequestTest::checkIisUnencoded.INFO: PASSED [] []
[2013-10-30 14:57:43] Http\PhpEnvironment\RequestTest::checkIis5RewriteUrl.INFO: PASSED [] []
[2013-10-30 14:57:43] Http\PhpEnvironment\RequestTest::retrieveTheRequestBody.INFO: PASSED [] []
[2013-10-30 14:57:43] Http\PhpEnvironment\RequestTest::detectTheCorrectBasePath0.INFO: PASSED [] []
[2013-10-30 14:57:43] Http\PhpEnvironment\RequestTest::detectTheCorrectBasePath1.INFO: PASSED [] []
[2013-10-30 14:57:43] Http\PhpEnvironment\RequestTest::detectTheCorrectBasePath2.INFO: PASSED [] []
[2013-10-30 14:57:43] Http\PhpEnvironment\RequestTest::detectTheCorrectBasePath3.INFO: PASSED [] []
[2013-10-30 14:57:43] Http\PhpEnvironment\RequestTest::detectTheCorrectBasePath4.INFO: PASSED [] []
[2013-10-30 14:57:43] Http\PhpEnvironment\RequestTest::detectTheCorrectBasePath5.INFO: PASSED [] []
[2013-10-30 14:57:43] Http\PhpEnvironment\RequestTest::detectTheCorrectBasePath6.INFO: PASSED [] []
[2013-10-30 14:57:43] Http\PhpEnvironment\ResponseTest::sendHeaders.INFO: PASSED [] []
[2013-10-30 14:57:43] Http\PhpEnvironment\ResponseTest::sendContent.INFO: PASSED [] []
[2013-10-30 14:57:43] Http\PhpEnvironment\ResponseTest::detectServerHttpVersion.INFO: PASSED [] []
[2013-10-30 14:57:43] Http\RequestTest::createRequestFromString.INFO: PASSED [] []
[2013-10-30 14:57:43] Http\RequestTest::createUriFromString.INFO: PASSED [] []
[2013-10-30 14:57:43] Http\RequestTest::createUriFromObject.INFO: PASSED [] []
[2013-10-30 14:57:43] Http\RequestTest::setRequestVersion.INFO: PASSED [] []
[2013-10-30 14:57:43] Http\RequestTest::checkXmlRequest.INFO: PASSED [] []
[2013-10-30 14:57:43] Http\RequestTest::checkFlashRequest.INFO: PASSED [] []
[2013-10-30 14:57:43] Http\RequestTest::createRequestAsString.INFO: PASSED [] []
[2013-10-30 14:57:43] Http\ResponseTest::createFromString.INFO: PASSED [] []
[2013-10-30 14:57:43] Http\ResponseTest::createSimpleResponse.INFO: PASSED [] []
[2013-10-30 14:57:43] Http\ResponseTest::changeStatusCode.INFO: PASSED [] []
[2013-10-30 14:57:43] Http\ResponseTest::setBadHeaders.INFO: PASSED [] []
[2013-10-30 14:57:43] Log\LogTest::createALogger.INFO: PASSED [] []
[2013-10-30 14:57:44] Session\SessionTest::initializeASessionDriver.INFO: PASSED [] []
[2013-10-30 14:57:44] Session\SessionTest::initializeEmptyDriver.INFO: PASSED [] []
[2013-10-30 14:57:44] Session\SessionTest::initializeDriverFromClassName.INFO: PASSED [] []
[2013-10-30 14:57:44] Utility\ArrayMethodsTest::cleanAnArray.INFO: PASSED [] []
[2013-10-30 14:57:44] Utility\ArrayMethodsTest::trimAnArray.INFO: PASSED [] []
[2013-10-30 14:57:44] Utility\TextTest::matchString.INFO: PASSED [] []
[2013-10-30 14:57:44] Utility\TextTest::splitAString.INFO: PASSED [] []
[2013-10-30 14:58:54] Common\BaseTest::createAnObject.INFO: PASSED [] []
[2013-10-30 14:58:54] Common\BaseTest::serializeObject.INFO: PASSED [] []
[2013-10-30 14:58:54] Common\BaseTest::assignValues.INFO: PASSED [] []
[2013-10-30 14:58:54] Common\BaseTest::setReadOnlyProperty.INFO: PASSED [] []
[2013-10-30 14:58:54] Common\BaseTest::getValues.INFO: PASSED [] []
[2013-10-30 14:58:54] Common\BaseTest::getStateValues.INFO: PASSED [] []
[2013-10-30 14:58:54] Common\BaseTest::callUnimplementedMethod.INFO: PASSED [] []
[2013-10-30 14:58:54] Common\BaseTest::userABadConstructor.INFO: PASSED [] []
[2013-10-30 14:58:54] Common\EventsTest::registerAndCallEvents.INFO: PASSED [] []
[2013-10-30 14:58:54] Common\InspectorTest::createAnInspector.INFO: PASSED [] []
[2013-10-30 14:58:54] Common\InspectorTest::readClassMetaData.INFO: PASSED [] []
[2013-10-30 14:58:54] Common\InspectorTest::readClassProperties.INFO: PASSED [] []
[2013-10-30 14:58:54] Common\InspectorTest::readClassMethods.INFO: PASSED [] []
[2013-10-30 14:58:54] Common\InspectorTest::readPropertyMetaData.INFO: PASSED [] []
[2013-10-30 14:58:55] Common\InspectorTest::readMethodMetaData.INFO: PASSED [] []
[2013-10-30 14:58:55] Database\Connector\MysqlTest::inititlizeDriver.INFO: PASSED [] []
[2013-10-30 14:58:55] Database\Connector\MysqlTest::connectToMysql.INFO: PASSED [] []
[2013-10-30 14:58:55] Database\Connector\MysqlTest::excapeText.INFO: PASSED [] []
[2013-10-30 14:58:55] Database\Connector\MysqlTest::executingQuery.INFO: PASSED [] []
[2013-10-30 14:58:55] Database\Connector\MysqlTest::getAffectedRows.INFO: PASSED [] []
[2013-10-30 14:58:55] Database\Connector\MysqlTest::getLastError.INFO: PASSED [] []
[2013-10-30 14:58:55] Database\Connector\MysqlTest::lastInsertedId.INFO: PASSED [] []
[2013-10-30 14:58:55] Database\Connector\MysqlTest::query.INFO: PASSED [] []
[2013-10-30 14:58:55] Database\DatabaseTest::initializeWithInvalidType.INFO: PASSED [] []
[2013-10-30 14:58:55] Database\DatabaseTest::initializeDatabase.INFO: PASSED [] []
[2013-10-30 14:58:55] Database\Query\MysqlTest::queryFrom.INFO: PASSED [] []
[2013-10-30 14:58:55] Database\Query\MysqlTest::queryJoin.INFO: PASSED [] []
[2013-10-30 14:58:55] Database\Query\MysqlTest::queryLimit.INFO: PASSED [] []
[2013-10-30 14:58:55] Database\Query\MysqlTest::queryOrderBy.INFO: PASSED [] []
[2013-10-30 14:58:55] Database\Query\MysqlTest::queryWhere.INFO: PASSED [] []
[2013-10-30 14:58:55] Database\Query\MysqlTest::queryWhereAlias.INFO: PASSED [] []
[2013-10-30 14:58:55] Database\Query\MysqlTest::checkFirstAll.INFO: PASSED [] []
[2013-10-30 14:58:55] Database\Query\MysqlTest::queryCount.INFO: PASSED [] []
[2013-10-30 14:58:55] Database\Query\MysqlTest::querySave.INFO: PASSED [] []
[2013-10-30 14:58:55] Database\Query\MysqlTest::queryDelete.INFO: PASSED [] []
[2013-10-30 14:58:55] Http\PhpEnvironment\RequestTest::checkPostParams.INFO: PASSED [] []
[2013-10-30 14:58:55] Http\PhpEnvironment\RequestTest::checkQueryParams.INFO: PASSED [] []
[2013-10-30 14:58:55] Http\PhpEnvironment\RequestTest::checkEnvironmentParams.INFO: PASSED [] []
[2013-10-30 14:58:55] Http\PhpEnvironment\RequestTest::checkCorrectFilesStruc.INFO: PASSED [] []
[2013-10-30 14:58:56] Http\PhpEnvironment\RequestTest::setDataFromServer.INFO: PASSED [] []
[2013-10-30 14:58:56] Http\PhpEnvironment\RequestTest::setCorrectUri.INFO: PASSED [] []
[2013-10-30 14:58:56] Http\PhpEnvironment\RequestTest::checkIisRewriteUrl.INFO: PASSED [] []
[2013-10-30 14:58:56] Http\PhpEnvironment\RequestTest::checkIisUnencoded.INFO: PASSED [] []
[2013-10-30 14:58:56] Http\PhpEnvironment\RequestTest::checkIis5RewriteUrl.INFO: PASSED [] []
[2013-10-30 14:58:56] Http\PhpEnvironment\RequestTest::retrieveTheRequestBody.INFO: PASSED [] []
[2013-10-30 14:58:56] Http\PhpEnvironment\RequestTest::detectTheCorrectBasePath0.INFO: PASSED [] []
[2013-10-30 14:58:56] Http\PhpEnvironment\RequestTest::detectTheCorrectBasePath1.INFO: PASSED [] []
[2013-10-30 14:58:56] Http\PhpEnvironment\RequestTest::detectTheCorrectBasePath2.INFO: PASSED [] []
[2013-10-30 14:58:56] Http\PhpEnvironment\RequestTest::detectTheCorrectBasePath3.INFO: PASSED [] []
[2013-10-30 14:58:56] Http\PhpEnvironment\RequestTest::detectTheCorrectBasePath4.INFO: PASSED [] []
[2013-10-30 14:58:56] Http\PhpEnvironment\RequestTest::detectTheCorrectBasePath5.INFO: PASSED [] []
[2013-10-30 14:58:56] Http\PhpEnvironment\RequestTest::detectTheCorrectBasePath6.INFO: PASSED [] []
[2013-10-30 14:58:56] Http\PhpEnvironment\ResponseTest::sendHeaders.INFO: PASSED [] []
[2013-10-30 14:58:56] Http\PhpEnvironment\ResponseTest::sendContent.INFO: PASSED [] []
[2013-10-30 14:58:56] Http\PhpEnvironment\ResponseTest::detectServerHttpVersion.INFO: PASSED [] []
[2013-10-30 14:58:56] Http\RequestTest::createRequestFromString.INFO: PASSED [] []
[2013-10-30 14:58:56] Http\RequestTest::createUriFromString.INFO: PASSED [] []
[2013-10-30 14:58:56] Http\RequestTest::createUriFromObject.INFO: PASSED [] []
[2013-10-30 14:58:56] Http\RequestTest::setRequestVersion.INFO: PASSED [] []
[2013-10-30 14:58:56] Http\RequestTest::checkXmlRequest.INFO: PASSED [] []
[2013-10-30 14:58:56] Http\RequestTest::checkFlashRequest.INFO: PASSED [] []
[2013-10-30 14:58:56] Http\RequestTest::createRequestAsString.INFO: PASSED [] []
[2013-10-30 14:58:56] Http\ResponseTest::createFromString.INFO: PASSED [] []
[2013-10-30 14:58:56] Http\ResponseTest::createSimpleResponse.INFO: PASSED [] []
[2013-10-30 14:58:56] Http\ResponseTest::changeStatusCode.INFO: PASSED [] []
[2013-10-30 14:58:56] Http\ResponseTest::setBadHeaders.INFO: PASSED [] []
[2013-10-30 14:58:56] Log\LogTest::createALogger.INFO: PASSED [] []
[2013-10-30 14:58:56] Session\SessionTest::initializeASessionDriver.INFO: PASSED [] []
[2013-10-30 14:58:56] Session\SessionTest::initializeEmptyDriver.INFO: PASSED [] []
[2013-10-30 14:58:56] Session\SessionTest::initializeDriverFromClassName.ALERT: Failed asserting that exception message 'The session type '\Session\CrazyDriver' doesn't inherited from Slick\Driver\DriverInterface.' contains 'The session driver is invalid.'. [] []
[2013-10-30 14:58:56] Session\SessionTest::initializeDriverFromClassName.INFO: # FAILED # [] []
[2013-10-30 14:58:56] Session\SessionTest::initializeDriverFromClassName.INFO: PASSED [] []
[2013-10-30 14:58:56] Utility\ArrayMethodsTest::cleanAnArray.INFO: PASSED [] []
[2013-10-30 14:58:56] Utility\ArrayMethodsTest::trimAnArray.INFO: PASSED [] []
[2013-10-30 14:58:56] Utility\TextTest::matchString.INFO: PASSED [] []
[2013-10-30 14:58:56] Utility\TextTest::splitAString.INFO: PASSED [] []
[2013-10-30 14:59:41] Common\BaseTest::createAnObject.INFO: PASSED [] []
[2013-10-30 14:59:41] Common\BaseTest::serializeObject.INFO: PASSED [] []
[2013-10-30 14:59:41] Common\BaseTest::assignValues.INFO: PASSED [] []
[2013-10-30 14:59:41] Common\BaseTest::setReadOnlyProperty.INFO: PASSED [] []
[2013-10-30 14:59:41] Common\BaseTest::getValues.INFO: PASSED [] []
[2013-10-30 14:59:41] Common\BaseTest::getStateValues.INFO: PASSED [] []
[2013-10-30 14:59:41] Common\BaseTest::callUnimplementedMethod.INFO: PASSED [] []
[2013-10-30 14:59:41] Common\BaseTest::userABadConstructor.INFO: PASSED [] []
[2013-10-30 14:59:41] Common\EventsTest::registerAndCallEvents.INFO: PASSED [] []
[2013-10-30 14:59:41] Common\InspectorTest::createAnInspector.INFO: PASSED [] []
[2013-10-30 14:59:41] Common\InspectorTest::readClassMetaData.INFO: PASSED [] []
[2013-10-30 14:59:41] Common\InspectorTest::readClassProperties.INFO: PASSED [] []
[2013-10-30 14:59:41] Common\InspectorTest::readClassMethods.INFO: PASSED [] []
[2013-10-30 14:59:41] Common\InspectorTest::readPropertyMetaData.INFO: PASSED [] []
[2013-10-30 14:59:41] Common\InspectorTest::readMethodMetaData.INFO: PASSED [] []
[2013-10-30 14:59:41] Database\Connector\MysqlTest::inititlizeDriver.INFO: PASSED [] []
[2013-10-30 14:59:41] Database\Connector\MysqlTest::connectToMysql.INFO: PASSED [] []
[2013-10-30 14:59:41] Database\Connector\MysqlTest::excapeText.INFO: PASSED [] []
[2013-10-30 14:59:41] Database\Connector\MysqlTest::executingQuery.INFO: PASSED [] []
[2013-10-30 14:59:41] Database\Connector\MysqlTest::getAffectedRows.INFO: PASSED [] []
[2013-10-30 14:59:41] Database\Connector\MysqlTest::getLastError.INFO: PASSED [] []
[2013-10-30 14:59:42] Database\Connector\MysqlTest::lastInsertedId.INFO: PASSED [] []
[2013-10-30 14:59:42] Database\Connector\MysqlTest::query.INFO: PASSED [] []
[2013-10-30 14:59:42] Database\DatabaseTest::initializeWithInvalidType.INFO: PASSED [] []
[2013-10-30 14:59:42] Database\DatabaseTest::initializeDatabase.INFO: PASSED [] []
[2013-10-30 14:59:42] Database\Query\MysqlTest::queryFrom.INFO: PASSED [] []
[2013-10-30 14:59:42] Database\Query\MysqlTest::queryJoin.INFO: PASSED [] []
[2013-10-30 14:59:42] Database\Query\MysqlTest::queryLimit.INFO: PASSED [] []
[2013-10-30 14:59:42] Database\Query\MysqlTest::queryOrderBy.INFO: PASSED [] []
[2013-10-30 14:59:42] Database\Query\MysqlTest::queryWhere.INFO: PASSED [] []
[2013-10-30 14:59:42] Database\Query\MysqlTest::queryWhereAlias.INFO: PASSED [] []
[2013-10-30 14:59:42] Database\Query\MysqlTest::checkFirstAll.INFO: PASSED [] []
[2013-10-30 14:59:42] Database\Query\MysqlTest::queryCount.INFO: PASSED [] []
[2013-10-30 14:59:42] Database\Query\MysqlTest::querySave.INFO: PASSED [] []
[2013-10-30 14:59:42] Database\Query\MysqlTest::queryDelete.INFO: PASSED [] []
[2013-10-30 14:59:42] Http\PhpEnvironment\RequestTest::checkPostParams.INFO: PASSED [] []
[2013-10-30 14:59:42] Http\PhpEnvironment\RequestTest::checkQueryParams.INFO: PASSED [] []
[2013-10-30 14:59:42] Http\PhpEnvironment\RequestTest::checkEnvironmentParams.INFO: PASSED [] []
[2013-10-30 14:59:42] Http\PhpEnvironment\RequestTest::checkCorrectFilesStruc.INFO: PASSED [] []
[2013-10-30 14:59:42] Http\PhpEnvironment\RequestTest::setDataFromServer.INFO: PASSED [] []
[2013-10-30 14:59:42] Http\PhpEnvironment\RequestTest::setCorrectUri.INFO: PASSED [] []
[2013-10-30 14:59:42] Http\PhpEnvironment\RequestTest::checkIisRewriteUrl.INFO: PASSED [] []
[2013-10-30 14:59:42] Http\PhpEnvironment\RequestTest::checkIisUnencoded.INFO: PASSED [] []
[2013-10-30 14:59:43] Http\PhpEnvironment\RequestTest::checkIis5RewriteUrl.INFO: PASSED [] []
[2013-10-30 14:59:43] Http\PhpEnvironment\RequestTest::retrieveTheRequestBody.INFO: PASSED [] []
[2013-10-30 14:59:43] Http\PhpEnvironment\RequestTest::detectTheCorrectBasePath0.INFO: PASSED [] []
[2013-10-30 14:59:43] Http\PhpEnvironment\RequestTest::detectTheCorrectBasePath1.INFO: PASSED [] []
[2013-10-30 14:59:43] Http\PhpEnvironment\RequestTest::detectTheCorrectBasePath2.INFO: PASSED [] []
[2013-10-30 14:59:43] Http\PhpEnvironment\RequestTest::detectTheCorrectBasePath3.INFO: PASSED [] []
[2013-10-30 14:59:43] Http\PhpEnvironment\RequestTest::detectTheCorrectBasePath4.INFO: PASSED [] []
[2013-10-30 14:59:43] Http\PhpEnvironment\RequestTest::detectTheCorrectBasePath5.INFO: PASSED [] []
[2013-10-30 14:59:43] Http\PhpEnvironment\RequestTest::detectTheCorrectBasePath6.INFO: PASSED [] []
[2013-10-30 14:59:43] Http\PhpEnvironment\ResponseTest::sendHeaders.INFO: PASSED [] []
[2013-10-30 14:59:43] Http\PhpEnvironment\ResponseTest::sendContent.INFO: PASSED [] []
[2013-10-30 14:59:43] Http\PhpEnvironment\ResponseTest::detectServerHttpVersion.INFO: PASSED [] []
[2013-10-30 14:59:43] Http\RequestTest::createRequestFromString.INFO: PASSED [] []
[2013-10-30 14:59:43] Http\RequestTest::createUriFromString.INFO: PASSED [] []
[2013-10-30 14:59:43] Http\RequestTest::createUriFromObject.INFO: PASSED [] []
[2013-10-30 14:59:43] Http\RequestTest::setRequestVersion.INFO: PASSED [] []
[2013-10-30 14:59:43] Http\RequestTest::checkXmlRequest.INFO: PASSED [] []
[2013-10-30 14:59:43] Http\RequestTest::checkFlashRequest.INFO: PASSED [] []
[2013-10-30 14:59:43] Http\RequestTest::createRequestAsString.INFO: PASSED [] []
[2013-10-30 14:59:43] Http\ResponseTest::createFromString.INFO: PASSED [] []
[2013-10-30 14:59:43] Http\ResponseTest::createSimpleResponse.INFO: PASSED [] []
[2013-10-30 14:59:43] Http\ResponseTest::changeStatusCode.INFO: PASSED [] []
[2013-10-30 14:59:43] Http\ResponseTest::setBadHeaders.INFO: PASSED [] []
[2013-10-30 14:59:43] Log\LogTest::createALogger.INFO: PASSED [] []
[2013-10-30 14:59:43] Session\SessionTest::initializeASessionDriver.INFO: PASSED [] []
[2013-10-30 14:59:43] Session\SessionTest::initializeEmptyDriver.INFO: PASSED [] []
[2013-10-30 14:59:43] Session\SessionTest::initializeDriverFromClassName.INFO: PASSED [] []
[2013-10-30 14:59:43] Utility\ArrayMethodsTest::cleanAnArray.INFO: PASSED [] []
[2013-10-30 14:59:43] Utility\ArrayMethodsTest::trimAnArray.INFO: PASSED [] []
[2013-10-30 14:59:43] Utility\TextTest::matchString.INFO: PASSED [] []
[2013-10-30 14:59:43] Utility\TextTest::splitAString.INFO: PASSED [] []
[2013-10-30 15:09:23] Common\BaseTest::createAnObject.INFO: PASSED [] []
[2013-10-30 15:09:23] Common\BaseTest::serializeObject.INFO: PASSED [] []
[2013-10-30 15:09:23] Common\BaseTest::assignValues.INFO: PASSED [] []
[2013-10-30 15:09:23] Common\BaseTest::setReadOnlyProperty.INFO: PASSED [] []
[2013-10-30 15:09:23] Common\BaseTest::getValues.INFO: PASSED [] []
[2013-10-30 15:09:23] Common\BaseTest::getStateValues.INFO: PASSED [] []
[2013-10-30 15:09:23] Common\BaseTest::callUnimplementedMethod.INFO: PASSED [] []
[2013-10-30 15:09:23] Common\BaseTest::userABadConstructor.INFO: PASSED [] []
[2013-10-30 15:09:23] Common\EventsTest::registerAndCallEvents.INFO: PASSED [] []
[2013-10-30 15:09:23] Common\InspectorTest::createAnInspector.INFO: PASSED [] []
[2013-10-30 15:09:23] Common\InspectorTest::readClassMetaData.INFO: PASSED [] []
[2013-10-30 15:09:23] Common\InspectorTest::readClassProperties.INFO: PASSED [] []
[2013-10-30 15:09:23] Common\InspectorTest::readClassMethods.INFO: PASSED [] []
[2013-10-30 15:09:23] Common\InspectorTest::readPropertyMetaData.INFO: PASSED [] []
[2013-10-30 15:09:23] Common\InspectorTest::readMethodMetaData.INFO: PASSED [] []
[2013-10-30 15:09:23] Database\Connector\MysqlTest::inititlizeDriver.INFO: PASSED [] []
[2013-10-30 15:09:23] Database\Connector\MysqlTest::connectToMysql.INFO: PASSED [] []
[2013-10-30 15:09:23] Database\Connector\MysqlTest::excapeText.INFO: PASSED [] []
[2013-10-30 15:09:23] Database\Connector\MysqlTest::executingQuery.INFO: PASSED [] []
[2013-10-30 15:09:23] Database\Connector\MysqlTest::getAffectedRows.INFO: PASSED [] []
[2013-10-30 15:09:23] Database\Connector\MysqlTest::getLastError.INFO: PASSED [] []
[2013-10-30 15:09:23] Database\Connector\MysqlTest::lastInsertedId.INFO: PASSED [] []
[2013-10-30 15:09:23] Database\Connector\MysqlTest::query.INFO: PASSED [] []
[2013-10-30 15:09:23] Database\DatabaseTest::initializeWithInvalidType.INFO: PASSED [] []
[2013-10-30 15:09:23] Database\DatabaseTest::initializeDatabase.INFO: PASSED [] []
[2013-10-30 15:09:23] Database\Query\MysqlTest::queryFrom.INFO: PASSED [] []
[2013-10-30 15:09:23] Database\Query\MysqlTest::queryJoin.INFO: PASSED [] []
[2013-10-30 15:09:23] Database\Query\MysqlTest::queryLimit.INFO: PASSED [] []
[2013-10-30 15:09:23] Database\Query\MysqlTest::queryOrderBy.INFO: PASSED [] []
[2013-10-30 15:09:23] Database\Query\MysqlTest::queryWhere.INFO: PASSED [] []
[2013-10-30 15:09:23] Database\Query\MysqlTest::queryWhereAlias.INFO: PASSED [] []
[2013-10-30 15:09:23] Database\Query\MysqlTest::checkFirstAll.INFO: PASSED [] []
[2013-10-30 15:09:24] Database\Query\MysqlTest::queryCount.INFO: PASSED [] []
[2013-10-30 15:09:24] Database\Query\MysqlTest::querySave.INFO: PASSED [] []
[2013-10-30 15:09:24] Database\Query\MysqlTest::queryDelete.INFO: PASSED [] []
[2013-10-30 15:09:24] Http\PhpEnvironment\RequestTest::checkPostParams.INFO: PASSED [] []
[2013-10-30 15:09:24] Http\PhpEnvironment\RequestTest::checkQueryParams.INFO: PASSED [] []
[2013-10-30 15:09:24] Http\PhpEnvironment\RequestTest::checkEnvironmentParams.INFO: PASSED [] []
[2013-10-30 15:09:24] Http\PhpEnvironment\RequestTest::checkCorrectFilesStruc.INFO: PASSED [] []
[2013-10-30 15:09:24] Http\PhpEnvironment\RequestTest::setDataFromServer.INFO: PASSED [] []
[2013-10-30 15:09:24] Http\PhpEnvironment\RequestTest::setCorrectUri.INFO: PASSED [] []
[2013-10-30 15:09:24] Http\PhpEnvironment\RequestTest::checkIisRewriteUrl.INFO: PASSED [] []
[2013-10-30 15:09:24] Http\PhpEnvironment\RequestTest::checkIisUnencoded.INFO: PASSED [] []
[2013-10-30 15:09:24] Http\PhpEnvironment\RequestTest::checkIis5RewriteUrl.INFO: PASSED [] []
[2013-10-30 15:09:24] Http\PhpEnvironment\RequestTest::retrieveTheRequestBody.INFO: PASSED [] []
[2013-10-30 15:09:24] Http\PhpEnvironment\RequestTest::detectTheCorrectBasePath0.INFO: PASSED [] []
[2013-10-30 15:09:24] Http\PhpEnvironment\RequestTest::detectTheCorrectBasePath1.INFO: PASSED [] []
[2013-10-30 15:09:24] Http\PhpEnvironment\RequestTest::detectTheCorrectBasePath2.INFO: PASSED [] []
[2013-10-30 15:09:24] Http\PhpEnvironment\RequestTest::detectTheCorrectBasePath3.INFO: PASSED [] []
[2013-10-30 15:09:24] Http\PhpEnvironment\RequestTest::detectTheCorrectBasePath4.INFO: PASSED [] []
[2013-10-30 15:09:24] Http\PhpEnvironment\RequestTest::detectTheCorrectBasePath5.INFO: PASSED [] []
[2013-10-30 15:09:24] Http\PhpEnvironment\RequestTest::detectTheCorrectBasePath6.INFO: PASSED [] []
[2013-10-30 15:09:24] Http\PhpEnvironment\ResponseTest::sendHeaders.INFO: PASSED [] []
[2013-10-30 15:09:24] Http\PhpEnvironment\ResponseTest::sendContent.INFO: PASSED [] []
[2013-10-30 15:09:24] Http\PhpEnvironment\ResponseTest::detectServerHttpVersion.INFO: PASSED [] []
[2013-10-30 15:09:24] Http\RequestTest::createRequestFromString.INFO: PASSED [] []
[2013-10-30 15:09:24] Http\RequestTest::createUriFromString.INFO: PASSED [] []
[2013-10-30 15:09:24] Http\RequestTest::createUriFromObject.INFO: PASSED [] []
[2013-10-30 15:09:24] Http\RequestTest::setRequestVersion.INFO: PASSED [] []
[2013-10-30 15:09:24] Http\RequestTest::checkXmlRequest.INFO: PASSED [] []
[2013-10-30 15:09:24] Http\RequestTest::checkFlashRequest.INFO: PASSED [] []
[2013-10-30 15:09:24] Http\RequestTest::createRequestAsString.INFO: PASSED [] []
[2013-10-30 15:09:24] Http\ResponseTest::createFromString.INFO: PASSED [] []
[2013-10-30 15:09:24] Http\ResponseTest::createSimpleResponse.INFO: PASSED [] []
[2013-10-30 15:09:25] Http\ResponseTest::changeStatusCode.INFO: PASSED [] []
[2013-10-30 15:09:25] Http\ResponseTest::setBadHeaders.INFO: PASSED [] []
[2013-10-30 15:09:25] Log\LogTest::createALogger.INFO: PASSED [] []
[2013-10-30 15:09:25] Session\Driver\DriverTest::setVaulesOnSession.INFO: PASSED [] []
[2013-10-30 15:09:25] Session\SessionTest::initializeASessionDriver.INFO: PASSED [] []
[2013-10-30 15:09:25] Session\SessionTest::initializeEmptyDriver.INFO: PASSED [] []
[2013-10-30 15:09:25] Session\SessionTest::initializeDriverFromClassName.INFO: PASSED [] []
[2013-10-30 15:09:25] Utility\ArrayMethodsTest::cleanAnArray.INFO: PASSED [] []
[2013-10-30 15:09:25] Utility\ArrayMethodsTest::trimAnArray.INFO: PASSED [] []
[2013-10-30 15:09:25] Utility\TextTest::matchString.INFO: PASSED [] []
[2013-10-30 15:09:25] Utility\TextTest::splitAString.INFO: PASSED [] []
[2013-10-30 15:13:06] Common\BaseTest::createAnObject.INFO: PASSED [] []
[2013-10-30 15:13:06] Common\BaseTest::serializeObject.INFO: PASSED [] []
[2013-10-30 15:13:06] Common\BaseTest::assignValues.INFO: PASSED [] []
[2013-10-30 15:13:06] Common\BaseTest::setReadOnlyProperty.INFO: PASSED [] []
[2013-10-30 15:13:06] Common\BaseTest::getValues.INFO: PASSED [] []
[2013-10-30 15:13:06] Common\BaseTest::getStateValues.INFO: PASSED [] []
[2013-10-30 15:13:06] Common\BaseTest::callUnimplementedMethod.INFO: PASSED [] []
[2013-10-30 15:13:06] Common\BaseTest::userABadConstructor.INFO: PASSED [] []
[2013-10-30 15:13:06] Common\EventsTest::registerAndCallEvents.INFO: PASSED [] []
[2013-10-30 15:13:06] Common\InspectorTest::createAnInspector.INFO: PASSED [] []
[2013-10-30 15:13:06] Common\InspectorTest::readClassMetaData.INFO: PASSED [] []
[2013-10-30 15:13:06] Common\InspectorTest::readClassProperties.INFO: PASSED [] []
[2013-10-30 15:13:06] Common\InspectorTest::readClassMethods.INFO: PASSED [] []
[2013-10-30 15:13:06] Common\InspectorTest::readPropertyMetaData.INFO: PASSED [] []
[2013-10-30 15:13:06] Common\InspectorTest::readMethodMetaData.INFO: PASSED [] []
[2013-10-30 15:13:06] Database\Connector\MysqlTest::inititlizeDriver.INFO: PASSED [] []
[2013-10-30 15:13:06] Database\Connector\MysqlTest::connectToMysql.INFO: PASSED [] []
[2013-10-30 15:13:06] Database\Connector\MysqlTest::excapeText.INFO: PASSED [] []
[2013-10-30 15:13:06] Database\Connector\MysqlTest::executingQuery.INFO: PASSED [] []
[2013-10-30 15:13:06] Database\Connector\MysqlTest::getAffectedRows.INFO: PASSED [] []
[2013-10-30 15:13:06] Database\Connector\MysqlTest::getLastError.INFO: PASSED [] []
[2013-10-30 15:13:06] Database\Connector\MysqlTest::lastInsertedId.INFO: PASSED [] []
[2013-10-30 15:13:06] Database\Connector\MysqlTest::query.INFO: PASSED [] []
[2013-10-30 15:13:06] Database\DatabaseTest::initializeWithInvalidType.INFO: PASSED [] []
[2013-10-30 15:13:06] Database\DatabaseTest::initializeDatabase.INFO: PASSED [] []
[2013-10-30 15:13:06] Database\Query\MysqlTest::queryFrom.INFO: PASSED [] []
[2013-10-30 15:13:06] Database\Query\MysqlTest::queryJoin.INFO: PASSED [] []
[2013-10-30 15:13:07] Database\Query\MysqlTest::queryLimit.INFO: PASSED [] []
[2013-10-30 15:13:07] Database\Query\MysqlTest::queryOrderBy.INFO: PASSED [] []
[2013-10-30 15:13:07] Database\Query\MysqlTest::queryWhere.INFO: PASSED [] []
[2013-10-30 15:13:07] Database\Query\MysqlTest::queryWhereAlias.INFO: PASSED [] []
[2013-10-30 15:13:07] Database\Query\MysqlTest::checkFirstAll.INFO: PASSED [] []
[2013-10-30 15:13:07] Database\Query\MysqlTest::queryCount.INFO: PASSED [] []
[2013-10-30 15:13:07] Database\Query\MysqlTest::querySave.INFO: PASSED [] []
[2013-10-30 15:13:07] Database\Query\MysqlTest::queryDelete.INFO: PASSED [] []
[2013-10-30 15:13:07] Http\PhpEnvironment\RequestTest::checkPostParams.INFO: PASSED [] []
[2013-10-30 15:13:07] Http\PhpEnvironment\RequestTest::checkQueryParams.INFO: PASSED [] []
[2013-10-30 15:13:07] Http\PhpEnvironment\RequestTest::checkEnvironmentParams.INFO: PASSED [] []
[2013-10-30 15:13:07] Http\PhpEnvironment\RequestTest::checkCorrectFilesStruc.INFO: PASSED [] []
[2013-10-30 15:13:07] Http\PhpEnvironment\RequestTest::setDataFromServer.INFO: PASSED [] []
[2013-10-30 15:13:07] Http\PhpEnvironment\RequestTest::setCorrectUri.INFO: PASSED [] []
[2013-10-30 15:13:07] Http\PhpEnvironment\RequestTest::checkIisRewriteUrl.INFO: PASSED [] []
[2013-10-30 15:13:07] Http\PhpEnvironment\RequestTest::checkIisUnencoded.INFO: PASSED [] []
[2013-10-30 15:13:07] Http\PhpEnvironment\RequestTest::checkIis5RewriteUrl.INFO: PASSED [] []
[2013-10-30 15:13:07] Http\PhpEnvironment\RequestTest::retrieveTheRequestBody.INFO: PASSED [] []
[2013-10-30 15:13:07] Http\PhpEnvironment\RequestTest::detectTheCorrectBasePath0.INFO: PASSED [] []
[2013-10-30 15:13:07] Http\PhpEnvironment\RequestTest::detectTheCorrectBasePath1.INFO: PASSED [] []
[2013-10-30 15:13:07] Http\PhpEnvironment\RequestTest::detectTheCorrectBasePath2.INFO: PASSED [] []
[2013-10-30 15:13:07] Http\PhpEnvironment\RequestTest::detectTheCorrectBasePath3.INFO: PASSED [] []
[2013-10-30 15:13:08] Http\PhpEnvironment\RequestTest::detectTheCorrectBasePath4.INFO: PASSED [] []
[2013-10-30 15:13:08] Http\PhpEnvironment\RequestTest::detectTheCorrectBasePath5.INFO: PASSED [] []
[2013-10-30 15:13:08] Http\PhpEnvironment\RequestTest::detectTheCorrectBasePath6.INFO: PASSED [] []
[2013-10-30 15:13:08] Http\PhpEnvironment\ResponseTest::sendHeaders.INFO: PASSED [] []
[2013-10-30 15:13:08] Http\PhpEnvironment\ResponseTest::sendContent.INFO: PASSED [] []
[2013-10-30 15:13:08] Http\PhpEnvironment\ResponseTest::detectServerHttpVersion.INFO: PASSED [] []
[2013-10-30 15:13:08] Http\RequestTest::createRequestFromString.INFO: PASSED [] []
[2013-10-30 15:13:08] Http\RequestTest::createUriFromString.INFO: PASSED [] []
[2013-10-30 15:13:08] Http\RequestTest::createUriFromObject.INFO: PASSED [] []
[2013-10-30 15:13:08] Http\RequestTest::setRequestVersion.INFO: PASSED [] []
[2013-10-30 15:13:08] Http\RequestTest::checkXmlRequest.INFO: PASSED [] []
[2013-10-30 15:13:08] Http\RequestTest::checkFlashRequest.INFO: PASSED [] []
[2013-10-30 15:13:08] Http\RequestTest::createRequestAsString.INFO: PASSED [] []
[2013-10-30 15:13:08] Http\ResponseTest::createFromString.INFO: PASSED [] []
[2013-10-30 15:13:08] Http\ResponseTest::createSimpleResponse.INFO: PASSED [] []
[2013-10-30 15:13:08] Http\ResponseTest::changeStatusCode.INFO: PASSED [] []
[2013-10-30 15:13:08] Http\ResponseTest::setBadHeaders.INFO: PASSED [] []
[2013-10-30 15:13:08] Log\LogTest::createALogger.INFO: PASSED [] []
[2013-10-30 15:13:08] Session\Driver\DriverTest::usingValuesOnSession.INFO: PASSED [] []
[2013-10-30 15:13:08] Session\SessionTest::initializeASessionDriver.INFO: PASSED [] []
[2013-10-30 15:13:08] Session\SessionTest::initializeEmptyDriver.INFO: PASSED [] []
[2013-10-30 15:13:08] Session\SessionTest::initializeDriverFromClassName.INFO: PASSED [] []
[2013-10-30 15:13:08] Utility\ArrayMethodsTest::cleanAnArray.INFO: PASSED [] []
[2013-10-30 15:13:08] Utility\ArrayMethodsTest::trimAnArray.INFO: PASSED [] []
[2013-10-30 15:13:08] Utility\TextTest::matchString.INFO: PASSED [] []
[2013-10-30 15:13:08] Utility\TextTest::splitAString.INFO: PASSED [] []
[2013-10-30 15:16:23] Common\BaseTest::createAnObject.INFO: PASSED [] []
[2013-10-30 15:16:23] Common\BaseTest::serializeObject.INFO: PASSED [] []
[2013-10-30 15:16:23] Common\BaseTest::assignValues.INFO: PASSED [] []
[2013-10-30 15:16:23] Common\BaseTest::setReadOnlyProperty.INFO: PASSED [] []
[2013-10-30 15:16:23] Common\BaseTest::getValues.INFO: PASSED [] []
[2013-10-30 15:16:23] Common\BaseTest::getStateValues.INFO: PASSED [] []
[2013-10-30 15:16:23] Common\BaseTest::callUnimplementedMethod.INFO: PASSED [] []
[2013-10-30 15:16:23] Common\BaseTest::userABadConstructor.INFO: PASSED [] []
[2013-10-30 15:16:23] Common\EventsTest::registerAndCallEvents.INFO: PASSED [] []
[2013-10-30 15:16:24] Common\InspectorTest::createAnInspector.INFO: PASSED [] []
[2013-10-30 15:16:24] Common\InspectorTest::readClassMetaData.INFO: PASSED [] []
[2013-10-30 15:16:24] Common\InspectorTest::readClassProperties.INFO: PASSED [] []
[2013-10-30 15:16:24] Common\InspectorTest::readClassMethods.INFO: PASSED [] []
[2013-10-30 15:16:24] Common\InspectorTest::readPropertyMetaData.INFO: PASSED [] []
[2013-10-30 15:16:24] Common\InspectorTest::readMethodMetaData.INFO: PASSED [] []
[2013-10-30 15:16:24] Database\Connector\MysqlTest::inititlizeDriver.INFO: PASSED [] []
[2013-10-30 15:16:24] Database\Connector\MysqlTest::connectToMysql.INFO: PASSED [] []
[2013-10-30 15:16:24] Database\Connector\MysqlTest::excapeText.INFO: PASSED [] []
[2013-10-30 15:16:24] Database\Connector\MysqlTest::executingQuery.INFO: PASSED [] []
[2013-10-30 15:16:24] Database\Connector\MysqlTest::getAffectedRows.INFO: PASSED [] []
[2013-10-30 15:16:24] Database\Connector\MysqlTest::getLastError.INFO: PASSED [] []
[2013-10-30 15:16:24] Database\Connector\MysqlTest::lastInsertedId.INFO: PASSED [] []
[2013-10-30 15:16:24] Database\Connector\MysqlTest::query.INFO: PASSED [] []
[2013-10-30 15:16:24] Database\DatabaseTest::initializeWithInvalidType.INFO: PASSED [] []
[2013-10-30 15:16:24] Database\DatabaseTest::initializeDatabase.INFO: PASSED [] []
[2013-10-30 15:16:24] Database\Query\MysqlTest::queryFrom.INFO: PASSED [] []
[2013-10-30 15:16:24] Database\Query\MysqlTest::queryJoin.INFO: PASSED [] []
[2013-10-30 15:16:24] Database\Query\MysqlTest::queryLimit.INFO: PASSED [] []
[2013-10-30 15:16:24] Database\Query\MysqlTest::queryOrderBy.INFO: PASSED [] []
[2013-10-30 15:16:24] Database\Query\MysqlTest::queryWhere.INFO: PASSED [] []
[2013-10-30 15:16:24] Database\Query\MysqlTest::queryWhereAlias.INFO: PASSED [] []
[2013-10-30 15:16:24] Database\Query\MysqlTest::checkFirstAll.INFO: PASSED [] []
[2013-10-30 15:16:24] Database\Query\MysqlTest::queryCount.INFO: PASSED [] []
[2013-10-30 15:16:24] Database\Query\MysqlTest::querySave.INFO: PASSED [] []
[2013-10-30 15:16:24] Database\Query\MysqlTest::queryDelete.INFO: PASSED [] []
[2013-10-30 15:16:24] Http\PhpEnvironment\RequestTest::checkPostParams.INFO: PASSED [] []
[2013-10-30 15:16:24] Http\PhpEnvironment\RequestTest::checkQueryParams.INFO: PASSED [] []
[2013-10-30 15:16:24] Http\PhpEnvironment\RequestTest::checkEnvironmentParams.INFO: PASSED [] []
[2013-10-30 15:16:25] Http\PhpEnvironment\RequestTest::checkCorrectFilesStruc.INFO: PASSED [] []
[2013-10-30 15:16:25] Http\PhpEnvironment\RequestTest::setDataFromServer.INFO: PASSED [] []
[2013-10-30 15:16:25] Http\PhpEnvironment\RequestTest::setCorrectUri.INFO: PASSED [] []
[2013-10-30 15:16:25] Http\PhpEnvironment\RequestTest::checkIisRewriteUrl.INFO: PASSED [] []
[2013-10-30 15:16:25] Http\PhpEnvironment\RequestTest::checkIisUnencoded.INFO: PASSED [] []
[2013-10-30 15:16:25] Http\PhpEnvironment\RequestTest::checkIis5RewriteUrl.INFO: PASSED [] []
[2013-10-30 15:16:25] Http\PhpEnvironment\RequestTest::retrieveTheRequestBody.INFO: PASSED [] []
[2013-10-30 15:16:25] Http\PhpEnvironment\RequestTest::detectTheCorrectBasePath0.INFO: PASSED [] []
[2013-10-30 15:16:25] Http\PhpEnvironment\RequestTest::detectTheCorrectBasePath1.INFO: PASSED [] []
[2013-10-30 15:16:25] Http\PhpEnvironment\RequestTest::detectTheCorrectBasePath2.INFO: PASSED [] []
[2013-10-30 15:16:25] Http\PhpEnvironment\RequestTest::detectTheCorrectBasePath3.INFO: PASSED [] []
[2013-10-30 15:16:25] Http\PhpEnvironment\RequestTest::detectTheCorrectBasePath4.INFO: PASSED [] []
[2013-10-30 15:16:25] Http\PhpEnvironment\RequestTest::detectTheCorrectBasePath5.INFO: PASSED [] []
[2013-10-30 15:16:25] Http\PhpEnvironment\RequestTest::detectTheCorrectBasePath6.INFO: PASSED [] []
[2013-10-30 15:16:25] Http\PhpEnvironment\ResponseTest::sendHeaders.INFO: PASSED [] []
[2013-10-30 15:16:25] Http\PhpEnvironment\ResponseTest::sendContent.INFO: PASSED [] []
[2013-10-30 15:16:25] Http\PhpEnvironment\ResponseTest::detectServerHttpVersion.INFO: PASSED [] []
[2013-10-30 15:16:25] Http\RequestTest::createRequestFromString.INFO: PASSED [] []
[2013-10-30 15:16:25] Http\RequestTest::createUriFromString.INFO: PASSED [] []
[2013-10-30 15:16:25] Http\RequestTest::createUriFromObject.INFO: PASSED [] []
[2013-10-30 15:16:25] Http\RequestTest::setRequestVersion.INFO: PASSED [] []
[2013-10-30 15:16:25] Http\RequestTest::checkXmlRequest.INFO: PASSED [] []
[2013-10-30 15:16:25] Http\RequestTest::checkFlashRequest.INFO: PASSED [] []
[2013-10-30 15:16:25] Http\RequestTest::createRequestAsString.INFO: PASSED [] []
[2013-10-30 15:16:25] Http\ResponseTest::createFromString.INFO: PASSED [] []
[2013-10-30 15:16:25] Http\ResponseTest::createSimpleResponse.INFO: PASSED [] []
[2013-10-30 15:16:25] Http\ResponseTest::changeStatusCode.INFO: PASSED [] []
[2013-10-30 15:16:25] Http\ResponseTest::setBadHeaders.INFO: PASSED [] []
[2013-10-30 15:16:25] Log\LogTest::createALogger.INFO: PASSED [] []
[2013-10-30 15:17:19] Common\BaseTest::createAnObject.INFO: PASSED [] []
[2013-10-30 15:17:19] Common\BaseTest::serializeObject.INFO: PASSED [] []
[2013-10-30 15:17:19] Common\BaseTest::assignValues.INFO: PASSED [] []
[2013-10-30 15:17:19] Common\BaseTest::setReadOnlyProperty.INFO: PASSED [] []
[2013-10-30 15:17:19] Common\BaseTest::getValues.INFO: PASSED [] []
[2013-10-30 15:17:20] Common\BaseTest::getStateValues.INFO: PASSED [] []
[2013-10-30 15:17:20] Common\BaseTest::callUnimplementedMethod.INFO: PASSED [] []
[2013-10-30 15:17:20] Common\BaseTest::userABadConstructor.INFO: PASSED [] []
[2013-10-30 15:17:20] Common\EventsTest::registerAndCallEvents.INFO: PASSED [] []
[2013-10-30 15:17:20] Common\InspectorTest::createAnInspector.INFO: PASSED [] []
[2013-10-30 15:17:20] Common\InspectorTest::readClassMetaData.INFO: PASSED [] []
[2013-10-30 15:17:20] Common\InspectorTest::readClassProperties.INFO: PASSED [] []
[2013-10-30 15:17:20] Common\InspectorTest::readClassMethods.INFO: PASSED [] []
[2013-10-30 15:17:20] Common\InspectorTest::readPropertyMetaData.INFO: PASSED [] []
[2013-10-30 15:17:20] Common\InspectorTest::readMethodMetaData.INFO: PASSED [] []
[2013-10-30 15:17:20] Database\Connector\MysqlTest::inititlizeDriver.INFO: PASSED [] []
[2013-10-30 15:17:20] Database\Connector\MysqlTest::connectToMysql.INFO: PASSED [] []
[2013-10-30 15:17:20] Database\Connector\MysqlTest::excapeText.INFO: PASSED [] []
[2013-10-30 15:17:20] Database\Connector\MysqlTest::executingQuery.INFO: PASSED [] []
[2013-10-30 15:17:20] Database\Connector\MysqlTest::getAffectedRows.INFO: PASSED [] []
[2013-10-30 15:17:20] Database\Connector\MysqlTest::getLastError.INFO: PASSED [] []
[2013-10-30 15:17:20] Database\Connector\MysqlTest::lastInsertedId.INFO: PASSED [] []
[2013-10-30 15:17:20] Database\Connector\MysqlTest::query.INFO: PASSED [] []
[2013-10-30 15:17:20] Database\DatabaseTest::initializeWithInvalidType.INFO: PASSED [] []
[2013-10-30 15:17:20] Database\DatabaseTest::initializeDatabase.INFO: PASSED [] []
[2013-10-30 15:17:20] Database\Query\MysqlTest::queryFrom.INFO: PASSED [] []
[2013-10-30 15:17:20] Database\Query\MysqlTest::queryJoin.INFO: PASSED [] []
[2013-10-30 15:17:20] Database\Query\MysqlTest::queryLimit.INFO: PASSED [] []
[2013-10-30 15:17:20] Database\Query\MysqlTest::queryOrderBy.INFO: PASSED [] []
[2013-10-30 15:17:20] Database\Query\MysqlTest::queryWhere.INFO: PASSED [] []
[2013-10-30 15:17:20] Database\Query\MysqlTest::queryWhereAlias.INFO: PASSED [] []
[2013-10-30 15:17:20] Database\Query\MysqlTest::checkFirstAll.INFO: PASSED [] []
[2013-10-30 15:17:20] Database\Query\MysqlTest::queryCount.INFO: PASSED [] []
[2013-10-30 15:17:20] Database\Query\MysqlTest::querySave.INFO: PASSED [] []
[2013-10-30 15:17:20] Database\Query\MysqlTest::queryDelete.INFO: PASSED [] []
[2013-10-30 15:17:20] Http\PhpEnvironment\RequestTest::checkPostParams.INFO: PASSED [] []
[2013-10-30 15:17:21] Http\PhpEnvironment\RequestTest::checkQueryParams.INFO: PASSED [] []
[2013-10-30 15:17:21] Http\PhpEnvironment\RequestTest::checkEnvironmentParams.INFO: PASSED [] []
[2013-10-30 15:17:21] Http\PhpEnvironment\RequestTest::checkCorrectFilesStruc.INFO: PASSED [] []
[2013-10-30 15:17:21] Http\PhpEnvironment\RequestTest::setDataFromServer.INFO: PASSED [] []
[2013-10-30 15:17:21] Http\PhpEnvironment\RequestTest::setCorrectUri.INFO: PASSED [] []
[2013-10-30 15:17:21] Http\PhpEnvironment\RequestTest::checkIisRewriteUrl.INFO: PASSED [] []
[2013-10-30 15:17:21] Http\PhpEnvironment\RequestTest::checkIisUnencoded.INFO: PASSED [] []
[2013-10-30 15:17:21] Http\PhpEnvironment\RequestTest::checkIis5RewriteUrl.INFO: PASSED [] []
[2013-10-30 15:17:21] Http\PhpEnvironment\RequestTest::retrieveTheRequestBody.INFO: PASSED [] []
[2013-10-30 15:17:21] Http\PhpEnvironment\RequestTest::detectTheCorrectBasePath0.INFO: PASSED [] []
[2013-10-30 15:17:21] Http\PhpEnvironment\RequestTest::detectTheCorrectBasePath1.INFO: PASSED [] []
[2013-10-30 15:17:21] Http\PhpEnvironment\RequestTest::detectTheCorrectBasePath2.INFO: PASSED [] []
[2013-10-30 15:17:21] Http\PhpEnvironment\RequestTest::detectTheCorrectBasePath3.INFO: PASSED [] []
[2013-10-30 15:17:21] Http\PhpEnvironment\RequestTest::detectTheCorrectBasePath4.INFO: PASSED [] []
[2013-10-30 15:17:21] Http\PhpEnvironment\RequestTest::detectTheCorrectBasePath5.INFO: PASSED [] []
[2013-10-30 15:17:21] Http\PhpEnvironment\RequestTest::detectTheCorrectBasePath6.INFO: PASSED [] []
[2013-10-30 15:17:21] Http\PhpEnvironment\ResponseTest::sendHeaders.INFO: PASSED [] []
[2013-10-30 15:17:21] Http\PhpEnvironment\ResponseTest::sendContent.INFO: PASSED [] []
[2013-10-30 15:17:21] Http\PhpEnvironment\ResponseTest::detectServerHttpVersion.INFO: PASSED [] []
[2013-10-30 15:17:21] Http\RequestTest::createRequestFromString.INFO: PASSED [] []
[2013-10-30 15:17:21] Http\RequestTest::createUriFromString.INFO: PASSED [] []
[2013-10-30 15:17:21] Http\RequestTest::createUriFromObject.INFO: PASSED [] []
[2013-10-30 15:17:21] Http\RequestTest::setRequestVersion.INFO: PASSED [] []
[2013-10-30 15:17:21] Http\RequestTest::checkXmlRequest.INFO: PASSED [] []
[2013-10-30 15:17:21] Http\RequestTest::checkFlashRequest.INFO: PASSED [] []
[2013-10-30 15:17:21] Http\RequestTest::createRequestAsString.INFO: PASSED [] []
[2013-10-30 15:17:21] Http\ResponseTest::createFromString.INFO: PASSED [] []
[2013-10-30 15:17:21] Http\ResponseTest::createSimpleResponse.INFO: PASSED [] []
[2013-10-30 15:17:21] Http\ResponseTest::changeStatusCode.INFO: PASSED [] []
[2013-10-30 15:17:21] Http\ResponseTest::setBadHeaders.INFO: PASSED [] []
[2013-10-30 15:17:21] Log\LogTest::createALogger.INFO: PASSED [] []
[2013-10-30 15:17:21] Session\Driver\DriverTest::usingValuesOnSession.INFO: PASSED [] []
[2013-10-30 15:17:21] Session\SessionTest::initializeASessionDriver.INFO: PASSED [] []
[2013-10-30 15:17:21] Session\SessionTest::initializeEmptyDriver.INFO: PASSED [] []
[2013-10-30 15:17:21] Session\SessionTest::initializeDriverFromClassName.INFO: PASSED [] []
[2013-10-30 15:17:21] Utility\ArrayMethodsTest::cleanAnArray.INFO: PASSED [] []
[2013-10-30 15:17:21] Utility\ArrayMethodsTest::trimAnArray.INFO: PASSED [] []
[2013-10-30 15:17:21] Utility\TextTest::matchString.INFO: PASSED [] []
[2013-10-30 15:17:22] Utility\TextTest::splitAString.INFO: PASSED [] []
